forrtl: severe (66): output statement overflows record, unit 80, file /global/u2/b/bfildier/code/SAM6.10.10_EDMF/./OUT_MOVIES/RCE_MPDATAxTKExCAMxSAM1MOM_4000x4000x15_320x1x64_EDMF_usfc.raw_12
Image              PC                Routine            Line        Source             
SAM_ADV_MPDATA_SG  000000000053CACE  for__io_return        Unknown  Unknown
SAM_ADV_MPDATA_SG  000000000057B5FA  for_write_dir_xmi     Unknown  Unknown
SAM_ADV_MPDATA_SG  00000000005788A2  for_write_dir         Unknown  Unknown
SAM_ADV_MPDATA_SG  000000000048955D  Unknown               Unknown  Unknown
SAM_ADV_MPDATA_SG  00000000004880D9  Unknown               Unknown  Unknown
SAM_ADV_MPDATA_SG  000000000050DFF6  Unknown               Unknown  Unknown
SAM_ADV_MPDATA_SG  000000000046BCF2  Unknown               Unknown  Unknown
SAM_ADV_MPDATA_SG  000000000040C65E  Unknown               Unknown  Unknown
libc-2.22.so       00002AAAACAF06D5  __libc_start_main     Unknown  Unknown
SAM_ADV_MPDATA_SG  000000000040C569  Unknown               Unknown  Unknown
forrtl: severe (66): output statement overflows record, unit 80, file /global/u2/b/bfildier/code/SAM6.10.10_EDMF/./OUT_MOVIES/RCE_MPDATAxTKExCAMxSAM1MOM_4000x4000x15_320x1x64_EDMF_usfc.raw_19
Image              PC                Routine            Line        Source             
SAM_ADV_MPDATA_SG  000000000053CACE  for__io_return        Unknown  Unknown
SAM_ADV_MPDATA_SG  000000000057B5FA  for_write_dir_xmi     Unknown  Unknown
SAM_ADV_MPDATA_SG  00000000005788A2  for_write_dir         Unknown  Unknown
SAM_ADV_MPDATA_SG  000000000048955D  Unknown               Unknown  Unknown
SAM_ADV_MPDATA_SG  00000000004880D9  Unknown               Unknown  Unknown
SAM_ADV_MPDATA_SG  000000000050DFF6  Unknown               Unknown  Unknown
SAM_ADV_MPDATA_SG  000000000046BCF2  Unknown               Unknown  Unknown
SAM_ADV_MPDATA_SG  000000000040C65E  Unknown               Unknown  Unknown
libc-2.22.so       00002AAAACAF06D5  __libc_start_main     Unknown  Unknown
SAM_ADV_MPDATA_SG  000000000040C569  Unknown               Unknown  Unknown
forrtl: severe (66): output statement overflows record, unit 80, file /global/u2/b/bfildier/code/SAM6.10.10_EDMF/./OUT_MOVIES/RCE_MPDATAxTKExCAMxSAM1MOM_4000x4000x15_320x1x64_EDMF_usfc.raw_18
Image              PC                Routine            Line        Source             
SAM_ADV_MPDATA_SG  000000000053CACE  for__io_return        Unknown  Unknown
SAM_ADV_MPDATA_SG  000000000057B5FA  for_write_dir_xmi     Unknown  Unknown
SAM_ADV_MPDATA_SG  00000000005788A2  for_write_dir         Unknown  Unknown
SAM_ADV_MPDATA_SG  000000000048955D  Unknown               Unknown  Unknown
SAM_ADV_MPDATA_SG  00000000004880D9  Unknown               Unknown  Unknown
SAM_ADV_MPDATA_SG  000000000050DFF6  Unknown               Unknown  Unknown
SAM_ADV_MPDATA_SG  000000000046BCF2  Unknown               Unknown  Unknown
SAM_ADV_MPDATA_SG  000000000040C65E  Unknown               Unknown  Unknown
libc-2.22.so       00002AAAACAF06D5  __libc_start_main     Unknown  Unknown
SAM_ADV_MPDATA_SG  000000000040C569  Unknown               Unknown  Unknown
forrtl: severe (66): output statement overflows record, unit 80, file /global/u2/b/bfildier/code/SAM6.10.10_EDMF/./OUT_MOVIES/RCE_MPDATAxTKExCAMxSAM1MOM_4000x4000x15_320x1x64_EDMF_usfc.raw_7
Image              PC                Routine            Line        Source             
SAM_ADV_MPDATA_SG  000000000053CACE  for__io_return        Unknown  Unknown
SAM_ADV_MPDATA_SG  000000000057B5FA  for_write_dir_xmi     Unknown  Unknown
SAM_ADV_MPDATA_SG  00000000005788A2  for_write_dir         Unknown  Unknown
SAM_ADV_MPDATA_SG  000000000048955D  Unknown               Unknown  Unknown
SAM_ADV_MPDATA_SG  00000000004880D9  Unknown               Unknown  Unknown
SAM_ADV_MPDATA_SG  000000000050DFF6  Unknown               Unknown  Unknown
SAM_ADV_MPDATA_SG  000000000046BCF2  Unknown               Unknown  Unknown
SAM_ADV_MPDATA_SG  000000000040C65E  Unknown               Unknown  Unknown
libc-2.22.so       00002AAAACAF06D5  __libc_start_main     Unknown  Unknown
SAM_ADV_MPDATA_SG  000000000040C569  Unknown               Unknown  Unknown
forrtl: severe (66): output statement overflows record, unit 80, file /global/u2/b/bfildier/code/SAM6.10.10_EDMF/./OUT_MOVIES/RCE_MPDATAxTKExCAMxSAM1MOM_4000x4000x15_320x1x64_EDMF_usfc.raw_2
Image              PC                Routine            Line        Source             
SAM_ADV_MPDATA_SG  000000000053CACE  for__io_return        Unknown  Unknown
SAM_ADV_MPDATA_SG  000000000057B5FA  for_write_dir_xmi     Unknown  Unknown
SAM_ADV_MPDATA_SG  00000000005788A2  for_write_dir         Unknown  Unknown
SAM_ADV_MPDATA_SG  000000000048955D  Unknown               Unknown  Unknown
SAM_ADV_MPDATA_SG  00000000004880D9  Unknown               Unknown  Unknown
SAM_ADV_MPDATA_SG  000000000050DFF6  Unknown               Unknown  Unknown
SAM_ADV_MPDATA_SG  000000000046BCF2  Unknown               Unknown  Unknown
SAM_ADV_MPDATA_SG  000000000040C65E  Unknown               Unknown  Unknown
libc-2.22.so       00002AAAACAF06D5  __libc_start_main     Unknown  Unknown
SAM_ADV_MPDATA_SG  000000000040C569  Unknown               Unknown  Unknown
forrtl: severe (66): output statement overflows record, unit 80, file /global/u2/b/bfildier/code/SAM6.10.10_EDMF/./OUT_MOVIES/RCE_MPDATAxTKExCAMxSAM1MOM_4000x4000x15_320x1x64_EDMF_usfc.raw_1
Image              PC                Routine            Line        Source             
SAM_ADV_MPDATA_SG  000000000053CACE  for__io_return        Unknown  Unknown
SAM_ADV_MPDATA_SG  000000000057B5FA  for_write_dir_xmi     Unknown  Unknown
SAM_ADV_MPDATA_SG  00000000005788A2  for_write_dir         Unknown  Unknown
SAM_ADV_MPDATA_SG  000000000048955D  Unknown               Unknown  Unknown
SAM_ADV_MPDATA_SG  00000000004880D9  Unknown               Unknown  Unknown
SAM_ADV_MPDATA_SG  000000000050DFF6  Unknown               Unknown  Unknown
SAM_ADV_MPDATA_SG  000000000046BCF2  Unknown               Unknown  Unknown
SAM_ADV_MPDATA_SG  000000000040C65E  Unknown               Unknown  Unknown
libc-2.22.so       00002AAAACAF06D5  __libc_start_main     Unknown  Unknown
SAM_ADV_MPDATA_SG  000000000040C569  Unknown               Unknown  Unknown
forrtl: severe (66): output statement overflows record, unit 80, file /global/u2/b/bfildier/code/SAM6.10.10_EDMF/./OUT_MOVIES/RCE_MPDATAxTKExCAMxSAM1MOM_4000x4000x15_320x1x64_EDMF_usfc.raw_11
Image              PC                Routine            Line        Source             
SAM_ADV_MPDATA_SG  000000000053CACE  for__io_return        Unknown  Unknown
SAM_ADV_MPDATA_SG  000000000057B5FA  for_write_dir_xmi     Unknown  Unknown
SAM_ADV_MPDATA_SG  00000000005788A2  for_write_dir         Unknown  Unknown
SAM_ADV_MPDATA_SG  000000000048955D  Unknown               Unknown  Unknown
SAM_ADV_MPDATA_SG  00000000004880D9  Unknown               Unknown  Unknown
SAM_ADV_MPDATA_SG  000000000050DFF6  Unknown               Unknown  Unknown
SAM_ADV_MPDATA_SG  000000000046BCF2  Unknown               Unknown  Unknown
SAM_ADV_MPDATA_SG  000000000040C65E  Unknown               Unknown  Unknown
libc-2.22.so       00002AAAACAF06D5  __libc_start_main     Unknown  Unknown
SAM_ADV_MPDATA_SG  000000000040C569  Unknown               Unknown  Unknown
forrtl: severe (66): output statement overflows record, unit 80, file /global/u2/b/bfildier/code/SAM6.10.10_EDMF/./OUT_MOVIES/RCE_MPDATAxTKExCAMxSAM1MOM_4000x4000x15_320x1x64_EDMF_usfc.raw_17
Image              PC                Routine            Line        Source             
SAM_ADV_MPDATA_SG  000000000053CACE  for__io_return        Unknown  Unknown
SAM_ADV_MPDATA_SG  000000000057B5FA  for_write_dir_xmi     Unknown  Unknown
SAM_ADV_MPDATA_SG  00000000005788A2  for_write_dir         Unknown  Unknown
SAM_ADV_MPDATA_SG  000000000048955D  Unknown               Unknown  Unknown
SAM_ADV_MPDATA_SG  00000000004880D9  Unknown               Unknown  Unknown
SAM_ADV_MPDATA_SG  000000000050DFF6  Unknown               Unknown  Unknown
SAM_ADV_MPDATA_SG  000000000046BCF2  Unknown               Unknown  Unknown
SAM_ADV_MPDATA_SG  000000000040C65E  Unknown               Unknown  Unknown
libc-2.22.so       00002AAAACAF06D5  __libc_start_main     Unknown  Unknown
SAM_ADV_MPDATA_SG  000000000040C569  Unknown               Unknown  Unknown
forrtl: severe (66): output statement overflows record, unit 80, file /global/u2/b/bfildier/code/SAM6.10.10_EDMF/./OUT_MOVIES/RCE_MPDATAxTKExCAMxSAM1MOM_4000x4000x15_320x1x64_EDMF_usfc.raw_8
Image              PC                Routine            Line        Source             
SAM_ADV_MPDATA_SG  000000000053CACE  for__io_return        Unknown  Unknown
SAM_ADV_MPDATA_SG  000000000057B5FA  for_write_dir_xmi     Unknown  Unknown
SAM_ADV_MPDATA_SG  00000000005788A2  for_write_dir         Unknown  Unknown
SAM_ADV_MPDATA_SG  000000000048955D  Unknown               Unknown  Unknown
SAM_ADV_MPDATA_SG  00000000004880D9  Unknown               Unknown  Unknown
SAM_ADV_MPDATA_SG  000000000050DFF6  Unknown               Unknown  Unknown
SAM_ADV_MPDATA_SG  000000000046BCF2  Unknown               Unknown  Unknown
SAM_ADV_MPDATA_SG  000000000040C65E  Unknown               Unknown  Unknown
libc-2.22.so       00002AAAACAF06D5  __libc_start_main     Unknown  Unknown
SAM_ADV_MPDATA_SG  000000000040C569  Unknown               Unknown  Unknown
forrtl: severe (66): output statement overflows record, unit 80, file /global/u2/b/bfildier/code/SAM6.10.10_EDMF/./OUT_MOVIES/RCE_MPDATAxTKExCAMxSAM1MOM_4000x4000x15_320x1x64_EDMF_usfc.raw_6
Image              PC                Routine            Line        Source             
SAM_ADV_MPDATA_SG  000000000053CACE  for__io_return        Unknown  Unknown
SAM_ADV_MPDATA_SG  000000000057B5FA  for_write_dir_xmi     Unknown  Unknown
SAM_ADV_MPDATA_SG  00000000005788A2  for_write_dir         Unknown  Unknown
SAM_ADV_MPDATA_SG  000000000048955D  Unknown               Unknown  Unknown
SAM_ADV_MPDATA_SG  00000000004880D9  Unknown               Unknown  Unknown
SAM_ADV_MPDATA_SG  000000000050DFF6  Unknown               Unknown  Unknown
SAM_ADV_MPDATA_SG  000000000046BCF2  Unknown               Unknown  Unknown
SAM_ADV_MPDATA_SG  000000000040C65E  Unknown               Unknown  Unknown
libc-2.22.so       00002AAAACAF06D5  __libc_start_main     Unknown  Unknown
SAM_ADV_MPDATA_SG  000000000040C569  Unknown               Unknown  Unknown
forrtl: severe (66): output statement overflows record, unit 80, file /global/u2/b/bfildier/code/SAM6.10.10_EDMF/./OUT_MOVIES/RCE_MPDATAxTKExCAMxSAM1MOM_4000x4000x15_320x1x64_EDMF_usfc.raw_16
Image              PC                Routine            Line        Source             
SAM_ADV_MPDATA_SG  000000000053CACE  for__io_return        Unknown  Unknown
SAM_ADV_MPDATA_SG  000000000057B5FA  for_write_dir_xmi     Unknown  Unknown
SAM_ADV_MPDATA_SG  00000000005788A2  for_write_dir         Unknown  Unknown
SAM_ADV_MPDATA_SG  000000000048955D  Unknown               Unknown  Unknown
SAM_ADV_MPDATA_SG  00000000004880D9  Unknown               Unknown  Unknown
SAM_ADV_MPDATA_SG  000000000050DFF6  Unknown               Unknown  Unknown
SAM_ADV_MPDATA_SG  000000000046BCF2  Unknown               Unknown  Unknown
SAM_ADV_MPDATA_SG  000000000040C65E  Unknown               Unknown  Unknown
libc-2.22.so       00002AAAACAF06D5  __libc_start_main     Unknown  Unknown
SAM_ADV_MPDATA_SG  000000000040C569  Unknown               Unknown  Unknown
forrtl: severe (66): output statement overflows record, unit 80, file /global/u2/b/bfildier/code/SAM6.10.10_EDMF/./OUT_MOVIES/RCE_MPDATAxTKExCAMxSAM1MOM_4000x4000x15_320x1x64_EDMF_usfc.raw_4
Image              PC                Routine            Line        Source             
SAM_ADV_MPDATA_SG  000000000053CACE  for__io_return        Unknown  Unknown
SAM_ADV_MPDATA_SG  000000000057B5FA  for_write_dir_xmi     Unknown  Unknown
SAM_ADV_MPDATA_SG  00000000005788A2  for_write_dir         Unknown  Unknown
SAM_ADV_MPDATA_SG  000000000048955D  Unknown               Unknown  Unknown
SAM_ADV_MPDATA_SG  00000000004880D9  Unknown               Unknown  Unknown
SAM_ADV_MPDATA_SG  000000000050DFF6  Unknown               Unknown  Unknown
SAM_ADV_MPDATA_SG  000000000046BCF2  Unknown               Unknown  Unknown
SAM_ADV_MPDATA_SG  000000000040C65E  Unknown               Unknown  Unknown
libc-2.22.so       00002AAAACAF06D5  __libc_start_main     Unknown  Unknown
SAM_ADV_MPDATA_SG  000000000040C569  Unknown               Unknown  Unknown
forrtl: severe (66): output statement overflows record, unit 80, file /global/u2/b/bfildier/code/SAM6.10.10_EDMF/./OUT_MOVIES/RCE_MPDATAxTKExCAMxSAM1MOM_4000x4000x15_320x1x64_EDMF_usfc.raw_13
Image              PC                Routine            Line        Source             
SAM_ADV_MPDATA_SG  000000000053CACE  for__io_return        Unknown  Unknown
SAM_ADV_MPDATA_SG  000000000057B5FA  for_write_dir_xmi     Unknown  Unknown
SAM_ADV_MPDATA_SG  00000000005788A2  for_write_dir         Unknown  Unknown
SAM_ADV_MPDATA_SG  000000000048955D  Unknown               Unknown  Unknown
SAM_ADV_MPDATA_SG  00000000004880D9  Unknown               Unknown  Unknown
SAM_ADV_MPDATA_SG  000000000050DFF6  Unknown               Unknown  Unknown
SAM_ADV_MPDATA_SG  000000000046BCF2  Unknown               Unknown  Unknown
SAM_ADV_MPDATA_SG  000000000040C65E  Unknown               Unknown  Unknown
libc-2.22.so       00002AAAACAF06D5  __libc_start_main     Unknown  Unknown
SAM_ADV_MPDATA_SG  000000000040C569  Unknown               Unknown  Unknown
forrtl: severe (66): output statement overflows record, unit 80, file /global/u2/b/bfildier/code/SAM6.10.10_EDMF/./OUT_MOVIES/RCE_MPDATAxTKExCAMxSAM1MOM_4000x4000x15_320x1x64_EDMF_usfc.raw_9
Image              PC                Routine            Line        Source             
SAM_ADV_MPDATA_SG  000000000053CACE  for__io_return        Unknown  Unknown
SAM_ADV_MPDATA_SG  000000000057B5FA  for_write_dir_xmi     Unknown  Unknown
SAM_ADV_MPDATA_SG  00000000005788A2  for_write_dir         Unknown  Unknown
SAM_ADV_MPDATA_SG  000000000048955D  Unknown               Unknown  Unknown
SAM_ADV_MPDATA_SG  00000000004880D9  Unknown               Unknown  Unknown
SAM_ADV_MPDATA_SG  000000000050DFF6  Unknown               Unknown  Unknown
SAM_ADV_MPDATA_SG  000000000046BCF2  Unknown               Unknown  Unknown
SAM_ADV_MPDATA_SG  000000000040C65E  Unknown               Unknown  Unknown
libc-2.22.so       00002AAAACAF06D5  __libc_start_main     Unknown  Unknown
SAM_ADV_MPDATA_SG  000000000040C569  Unknown               Unknown  Unknown
forrtl: severe (66): output statement overflows record, unit 80, file /global/u2/b/bfildier/code/SAM6.10.10_EDMF/./OUT_MOVIES/RCE_MPDATAxTKExCAMxSAM1MOM_4000x4000x15_320x1x64_EDMF_usfc.raw_5
Image              PC                Routine            Line        Source             
SAM_ADV_MPDATA_SG  000000000053CACE  for__io_return        Unknown  Unknown
SAM_ADV_MPDATA_SG  000000000057B5FA  for_write_dir_xmi     Unknown  Unknown
SAM_ADV_MPDATA_SG  00000000005788A2  for_write_dir         Unknown  Unknown
SAM_ADV_MPDATA_SG  000000000048955D  Unknown               Unknown  Unknown
SAM_ADV_MPDATA_SG  00000000004880D9  Unknown               Unknown  Unknown
SAM_ADV_MPDATA_SG  000000000050DFF6  Unknown               Unknown  Unknown
SAM_ADV_MPDATA_SG  000000000046BCF2  Unknown               Unknown  Unknown
SAM_ADV_MPDATA_SG  000000000040C65E  Unknown               Unknown  Unknown
libc-2.22.so       00002AAAACAF06D5  __libc_start_main     Unknown  Unknown
SAM_ADV_MPDATA_SG  000000000040C569  Unknown               Unknown  Unknown
forrtl: severe (66): output statement overflows record, unit 80, file /global/u2/b/bfildier/code/SAM6.10.10_EDMF/./OUT_MOVIES/RCE_MPDATAxTKExCAMxSAM1MOM_4000x4000x15_320x1x64_EDMF_usfc.raw_21
Image              PC                Routine            Line        Source             
SAM_ADV_MPDATA_SG  000000000053CACE  for__io_return        Unknown  Unknown
SAM_ADV_MPDATA_SG  000000000057B5FA  for_write_dir_xmi     Unknown  Unknown
SAM_ADV_MPDATA_SG  00000000005788A2  for_write_dir         Unknown  Unknown
SAM_ADV_MPDATA_SG  000000000048955D  Unknown               Unknown  Unknown
SAM_ADV_MPDATA_SG  00000000004880D9  Unknown               Unknown  Unknown
SAM_ADV_MPDATA_SG  000000000050DFF6  Unknown               Unknown  Unknown
SAM_ADV_MPDATA_SG  000000000046BCF2  Unknown               Unknown  Unknown
SAM_ADV_MPDATA_SG  000000000040C65E  Unknown               Unknown  Unknown
libc-2.22.so       00002AAAACAF06D5  __libc_start_main     Unknown  Unknown
SAM_ADV_MPDATA_SG  000000000040C569  Unknown               Unknown  Unknown
forrtl: severe (66): output statement overflows record, unit 80, file /global/u2/b/bfildier/code/SAM6.10.10_EDMF/./OUT_MOVIES/RCE_MPDATAxTKExCAMxSAM1MOM_4000x4000x15_320x1x64_EDMF_usfc.raw_24
Image              PC                Routine            Line        Source             
SAM_ADV_MPDATA_SG  000000000053CACE  for__io_return        Unknown  Unknown
SAM_ADV_MPDATA_SG  000000000057B5FA  for_write_dir_xmi     Unknown  Unknown
SAM_ADV_MPDATA_SG  00000000005788A2  for_write_dir         Unknown  Unknown
SAM_ADV_MPDATA_SG  000000000048955D  Unknown               Unknown  Unknown
SAM_ADV_MPDATA_SG  00000000004880D9  Unknown               Unknown  Unknown
SAM_ADV_MPDATA_SG  000000000050DFF6  Unknown               Unknown  Unknown
SAM_ADV_MPDATA_SG  000000000046BCF2  Unknown               Unknown  Unknown
SAM_ADV_MPDATA_SG  000000000040C65E  Unknown               Unknown  Unknown
libc-2.22.so       00002AAAACAF06D5  __libc_start_main     Unknown  Unknown
SAM_ADV_MPDATA_SG  000000000040C569  Unknown               Unknown  Unknown
forrtl: severe (66): output statement overflows record, unit 80, file /global/u2/b/bfildier/code/SAM6.10.10_EDMF/./OUT_MOVIES/RCE_MPDATAxTKExCAMxSAM1MOM_4000x4000x15_320x1x64_EDMF_usfc.raw_30
Image              PC                Routine            Line        Source             
SAM_ADV_MPDATA_SG  000000000053CACE  for__io_return        Unknown  Unknown
SAM_ADV_MPDATA_SG  000000000057B5FA  for_write_dir_xmi     Unknown  Unknown
SAM_ADV_MPDATA_SG  00000000005788A2  for_write_dir         Unknown  Unknown
SAM_ADV_MPDATA_SG  000000000048955D  Unknown               Unknown  Unknown
SAM_ADV_MPDATA_SG  00000000004880D9  Unknown               Unknown  Unknown
SAM_ADV_MPDATA_SG  000000000050DFF6  Unknown               Unknown  Unknown
SAM_ADV_MPDATA_SG  000000000046BCF2  Unknown               Unknown  Unknown
SAM_ADV_MPDATA_SG  000000000040C65E  Unknown               Unknown  Unknown
libc-2.22.so       00002AAAACAF06D5  __libc_start_main     Unknown  Unknown
SAM_ADV_MPDATA_SG  000000000040C569  Unknown               Unknown  Unknown
forrtl: severe (66): output statement overflows record, unit 80, file /global/u2/b/bfildier/code/SAM6.10.10_EDMF/./OUT_MOVIES/RCE_MPDATAxTKExCAMxSAM1MOM_4000x4000x15_320x1x64_EDMF_usfc.raw_29
Image              PC                Routine            Line        Source             
SAM_ADV_MPDATA_SG  000000000053CACE  for__io_return        Unknown  Unknown
SAM_ADV_MPDATA_SG  000000000057B5FA  for_write_dir_xmi     Unknown  Unknown
SAM_ADV_MPDATA_SG  00000000005788A2  for_write_dir         Unknown  Unknown
SAM_ADV_MPDATA_SG  000000000048955D  Unknown               Unknown  Unknown
SAM_ADV_MPDATA_SG  00000000004880D9  Unknown               Unknown  Unknown
SAM_ADV_MPDATA_SG  000000000050DFF6  Unknown               Unknown  Unknown
SAM_ADV_MPDATA_SG  000000000046BCF2  Unknown               Unknown  Unknown
SAM_ADV_MPDATA_SG  000000000040C65E  Unknown               Unknown  Unknown
libc-2.22.so       00002AAAACAF06D5  __libc_start_main     Unknown  Unknown
SAM_ADV_MPDATA_SG  000000000040C569  Unknown               Unknown  Unknown
forrtl: severe (66): output statement overflows record, unit 80, file /global/u2/b/bfildier/code/SAM6.10.10_EDMF/./OUT_MOVIES/RCE_MPDATAxTKExCAMxSAM1MOM_4000x4000x15_320x1x64_EDMF_usfc.raw_26
Image              PC                Routine            Line        Source             
SAM_ADV_MPDATA_SG  000000000053CACE  for__io_return        Unknown  Unknown
SAM_ADV_MPDATA_SG  000000000057B5FA  for_write_dir_xmi     Unknown  Unknown
SAM_ADV_MPDATA_SG  00000000005788A2  for_write_dir         Unknown  Unknown
SAM_ADV_MPDATA_SG  000000000048955D  Unknown               Unknown  Unknown
SAM_ADV_MPDATA_SG  00000000004880D9  Unknown               Unknown  Unknown
SAM_ADV_MPDATA_SG  000000000050DFF6  Unknown               Unknown  Unknown
SAM_ADV_MPDATA_SG  000000000046BCF2  Unknown               Unknown  Unknown
SAM_ADV_MPDATA_SG  000000000040C65E  Unknown               Unknown  Unknown
libc-2.22.so       00002AAAACAF06D5  __libc_start_main     Unknown  Unknown
SAM_ADV_MPDATA_SG  000000000040C569  Unknown               Unknown  Unknown
forrtl: severe (66): output statement overflows record, unit 80, file /global/u2/b/bfildier/code/SAM6.10.10_EDMF/./OUT_MOVIES/RCE_MPDATAxTKExCAMxSAM1MOM_4000x4000x15_320x1x64_EDMF_usfc.raw_0
Image              PC                Routine            Line        Source             
SAM_ADV_MPDATA_SG  000000000053CACE  for__io_return        Unknown  Unknown
SAM_ADV_MPDATA_SG  000000000057B5FA  for_write_dir_xmi     Unknown  Unknown
SAM_ADV_MPDATA_SG  00000000005788A2  for_write_dir         Unknown  Unknown
SAM_ADV_MPDATA_SG  000000000048955D  Unknown               Unknown  Unknown
SAM_ADV_MPDATA_SG  00000000004880D9  Unknown               Unknown  Unknown
SAM_ADV_MPDATA_SG  000000000050DFF6  Unknown               Unknown  Unknown
SAM_ADV_MPDATA_SG  000000000046BCF2  Unknown               Unknown  Unknown
SAM_ADV_MPDATA_SG  000000000040C65E  Unknown               Unknown  Unknown
libc-2.22.so       00002AAAACAF06D5  __libc_start_main     Unknown  Unknown
SAM_ADV_MPDATA_SG  000000000040C569  Unknown               Unknown  Unknown
forrtl: severe (66): output statement overflows record, unit 80, file /global/u2/b/bfildier/code/SAM6.10.10_EDMF/./OUT_MOVIES/RCE_MPDATAxTKExCAMxSAM1MOM_4000x4000x15_320x1x64_EDMF_usfc.raw_3
Image              PC                Routine            Line        Source             
SAM_ADV_MPDATA_SG  000000000053CACE  for__io_return        Unknown  Unknown
SAM_ADV_MPDATA_SG  000000000057B5FA  for_write_dir_xmi     Unknown  Unknown
SAM_ADV_MPDATA_SG  00000000005788A2  for_write_dir         Unknown  Unknown
SAM_ADV_MPDATA_SG  000000000048955D  Unknown               Unknown  Unknown
SAM_ADV_MPDATA_SG  00000000004880D9  Unknown               Unknown  Unknown
SAM_ADV_MPDATA_SG  000000000050DFF6  Unknown               Unknown  Unknown
SAM_ADV_MPDATA_SG  000000000046BCF2  Unknown               Unknown  Unknown
SAM_ADV_MPDATA_SG  000000000040C65E  Unknown               Unknown  Unknown
libc-2.22.so       00002AAAACAF06D5  __libc_start_main     Unknown  Unknown
SAM_ADV_MPDATA_SG  000000000040C569  Unknown               Unknown  Unknown
forrtl: severe (66): output statement overflows record, unit 80, file /global/u2/b/bfildier/code/SAM6.10.10_EDMF/./OUT_MOVIES/RCE_MPDATAxTKExCAMxSAM1MOM_4000x4000x15_320x1x64_EDMF_usfc.raw_14
Image              PC                Routine            Line        Source             
SAM_ADV_MPDATA_SG  000000000053CACE  for__io_return        Unknown  Unknown
SAM_ADV_MPDATA_SG  000000000057B5FA  for_write_dir_xmi     Unknown  Unknown
SAM_ADV_MPDATA_SG  00000000005788A2  for_write_dir         Unknown  Unknown
SAM_ADV_MPDATA_SG  000000000048955D  Unknown               Unknown  Unknown
SAM_ADV_MPDATA_SG  00000000004880D9  Unknown               Unknown  Unknown
SAM_ADV_MPDATA_SG  000000000050DFF6  Unknown               Unknown  Unknown
SAM_ADV_MPDATA_SG  000000000046BCF2  Unknown               Unknown  Unknown
SAM_ADV_MPDATA_SG  000000000040C65E  Unknown               Unknown  Unknown
libc-2.22.so       00002AAAACAF06D5  __libc_start_main     Unknown  Unknown
SAM_ADV_MPDATA_SG  000000000040C569  Unknown               Unknown  Unknown
forrtl: severe (66): output statement overflows record, unit 80, file /global/u2/b/bfildier/code/SAM6.10.10_EDMF/./OUT_MOVIES/RCE_MPDATAxTKExCAMxSAM1MOM_4000x4000x15_320x1x64_EDMF_usfc.raw_20
Image              PC                Routine            Line        Source             
SAM_ADV_MPDATA_SG  000000000053CACE  for__io_return        Unknown  Unknown
SAM_ADV_MPDATA_SG  000000000057B5FA  for_write_dir_xmi     Unknown  Unknown
SAM_ADV_MPDATA_SG  00000000005788A2  for_write_dir         Unknown  Unknown
SAM_ADV_MPDATA_SG  000000000048955D  Unknown               Unknown  Unknown
SAM_ADV_MPDATA_SG  00000000004880D9  Unknown               Unknown  Unknown
SAM_ADV_MPDATA_SG  000000000050DFF6  Unknown               Unknown  Unknown
SAM_ADV_MPDATA_SG  000000000046BCF2  Unknown               Unknown  Unknown
SAM_ADV_MPDATA_SG  000000000040C65E  Unknown               Unknown  Unknown
libc-2.22.so       00002AAAACAF06D5  __libc_start_main     Unknown  Unknown
SAM_ADV_MPDATA_SG  000000000040C569  Unknown               Unknown  Unknown
forrtl: severe (66): output statement overflows record, unit 80, file /global/u2/b/bfildier/code/SAM6.10.10_EDMF/./OUT_MOVIES/RCE_MPDATAxTKExCAMxSAM1MOM_4000x4000x15_320x1x64_EDMF_usfc.raw_22
Image              PC                Routine            Line        Source             
SAM_ADV_MPDATA_SG  000000000053CACE  for__io_return        Unknown  Unknown
SAM_ADV_MPDATA_SG  000000000057B5FA  for_write_dir_xmi     Unknown  Unknown
SAM_ADV_MPDATA_SG  00000000005788A2  for_write_dir         Unknown  Unknown
SAM_ADV_MPDATA_SG  000000000048955D  Unknown               Unknown  Unknown
SAM_ADV_MPDATA_SG  00000000004880D9  Unknown               Unknown  Unknown
SAM_ADV_MPDATA_SG  000000000050DFF6  Unknown               Unknown  Unknown
SAM_ADV_MPDATA_SG  000000000046BCF2  Unknown               Unknown  Unknown
SAM_ADV_MPDATA_SG  000000000040C65E  Unknown               Unknown  Unknown
libc-2.22.so       00002AAAACAF06D5  __libc_start_main     Unknown  Unknown
SAM_ADV_MPDATA_SG  000000000040C569  Unknown               Unknown  Unknown
forrtl: severe (66): output statement overflows record, unit 80, file /global/u2/b/bfildier/code/SAM6.10.10_EDMF/./OUT_MOVIES/RCE_MPDATAxTKExCAMxSAM1MOM_4000x4000x15_320x1x64_EDMF_usfc.raw_31
Image              PC                Routine            Line        Source             
SAM_ADV_MPDATA_SG  000000000053CACE  for__io_return        Unknown  Unknown
SAM_ADV_MPDATA_SG  000000000057B5FA  for_write_dir_xmi     Unknown  Unknown
SAM_ADV_MPDATA_SG  00000000005788A2  for_write_dir         Unknown  Unknown
SAM_ADV_MPDATA_SG  000000000048955D  Unknown               Unknown  Unknown
SAM_ADV_MPDATA_SG  00000000004880D9  Unknown               Unknown  Unknown
SAM_ADV_MPDATA_SG  000000000050DFF6  Unknown               Unknown  Unknown
SAM_ADV_MPDATA_SG  000000000046BCF2  Unknown               Unknown  Unknown
SAM_ADV_MPDATA_SG  000000000040C65E  Unknown               Unknown  Unknown
libc-2.22.so       00002AAAACAF06D5  __libc_start_main     Unknown  Unknown
SAM_ADV_MPDATA_SG  000000000040C569  Unknown               Unknown  Unknown
forrtl: severe (66): output statement overflows record, unit 80, file /global/u2/b/bfildier/code/SAM6.10.10_EDMF/./OUT_MOVIES/RCE_MPDATAxTKExCAMxSAM1MOM_4000x4000x15_320x1x64_EDMF_usfc.raw_27
Image              PC                Routine            Line        Source             
SAM_ADV_MPDATA_SG  000000000053CACE  for__io_return        Unknown  Unknown
SAM_ADV_MPDATA_SG  000000000057B5FA  for_write_dir_xmi     Unknown  Unknown
SAM_ADV_MPDATA_SG  00000000005788A2  for_write_dir         Unknown  Unknown
SAM_ADV_MPDATA_SG  000000000048955D  Unknown               Unknown  Unknown
SAM_ADV_MPDATA_SG  00000000004880D9  Unknown               Unknown  Unknown
SAM_ADV_MPDATA_SG  000000000050DFF6  Unknown               Unknown  Unknown
SAM_ADV_MPDATA_SG  000000000046BCF2  Unknown               Unknown  Unknown
SAM_ADV_MPDATA_SG  000000000040C65E  Unknown               Unknown  Unknown
libc-2.22.so       00002AAAACAF06D5  __libc_start_main     Unknown  Unknown
SAM_ADV_MPDATA_SG  000000000040C569  Unknown               Unknown  Unknown
forrtl: severe (66): output statement overflows record, unit 80, file /global/u2/b/bfildier/code/SAM6.10.10_EDMF/./OUT_MOVIES/RCE_MPDATAxTKExCAMxSAM1MOM_4000x4000x15_320x1x64_EDMF_usfc.raw_15
Image              PC                Routine            Line        Source             
SAM_ADV_MPDATA_SG  000000000053CACE  for__io_return        Unknown  Unknown
SAM_ADV_MPDATA_SG  000000000057B5FA  for_write_dir_xmi     Unknown  Unknown
SAM_ADV_MPDATA_SG  00000000005788A2  for_write_dir         Unknown  Unknown
SAM_ADV_MPDATA_SG  000000000048955D  Unknown               Unknown  Unknown
SAM_ADV_MPDATA_SG  00000000004880D9  Unknown               Unknown  Unknown
SAM_ADV_MPDATA_SG  000000000050DFF6  Unknown               Unknown  Unknown
SAM_ADV_MPDATA_SG  000000000046BCF2  Unknown               Unknown  Unknown
SAM_ADV_MPDATA_SG  000000000040C65E  Unknown               Unknown  Unknown
libc-2.22.so       00002AAAACAF06D5  __libc_start_main     Unknown  Unknown
SAM_ADV_MPDATA_SG  000000000040C569  Unknown               Unknown  Unknown
forrtl: severe (66): output statement overflows record, unit 80, file /global/u2/b/bfildier/code/SAM6.10.10_EDMF/./OUT_MOVIES/RCE_MPDATAxTKExCAMxSAM1MOM_4000x4000x15_320x1x64_EDMF_usfc.raw_28
Image              PC                Routine            Line        Source             
SAM_ADV_MPDATA_SG  000000000053CACE  for__io_return        Unknown  Unknown
SAM_ADV_MPDATA_SG  000000000057B5FA  for_write_dir_xmi     Unknown  Unknown
SAM_ADV_MPDATA_SG  00000000005788A2  for_write_dir         Unknown  Unknown
SAM_ADV_MPDATA_SG  000000000048955D  Unknown               Unknown  Unknown
SAM_ADV_MPDATA_SG  00000000004880D9  Unknown               Unknown  Unknown
SAM_ADV_MPDATA_SG  000000000050DFF6  Unknown               Unknown  Unknown
SAM_ADV_MPDATA_SG  000000000046BCF2  Unknown               Unknown  Unknown
SAM_ADV_MPDATA_SG  000000000040C65E  Unknown               Unknown  Unknown
libc-2.22.so       00002AAAACAF06D5  __libc_start_main     Unknown  Unknown
SAM_ADV_MPDATA_SG  000000000040C569  Unknown               Unknown  Unknown
forrtl: severe (66): output statement overflows record, unit 80, file /global/u2/b/bfildier/code/SAM6.10.10_EDMF/./OUT_MOVIES/RCE_MPDATAxTKExCAMxSAM1MOM_4000x4000x15_320x1x64_EDMF_usfc.raw_10
Image              PC                Routine            Line        Source             
SAM_ADV_MPDATA_SG  000000000053CACE  for__io_return        Unknown  Unknown
SAM_ADV_MPDATA_SG  000000000057B5FA  for_write_dir_xmi     Unknown  Unknown
SAM_ADV_MPDATA_SG  00000000005788A2  for_write_dir         Unknown  Unknown
SAM_ADV_MPDATA_SG  000000000048955D  Unknown               Unknown  Unknown
SAM_ADV_MPDATA_SG  00000000004880D9  Unknown               Unknown  Unknown
SAM_ADV_MPDATA_SG  000000000050DFF6  Unknown               Unknown  Unknown
SAM_ADV_MPDATA_SG  000000000046BCF2  Unknown               Unknown  Unknown
SAM_ADV_MPDATA_SG  000000000040C65E  Unknown               Unknown  Unknown
libc-2.22.so       00002AAAACAF06D5  __libc_start_main     Unknown  Unknown
SAM_ADV_MPDATA_SG  000000000040C569  Unknown               Unknown  Unknown
forrtl: severe (66): output statement overflows record, unit 80, file /global/u2/b/bfildier/code/SAM6.10.10_EDMF/./OUT_MOVIES/RCE_MPDATAxTKExCAMxSAM1MOM_4000x4000x15_320x1x64_EDMF_usfc.raw_23
Image              PC                Routine            Line        Source             
SAM_ADV_MPDATA_SG  000000000053CACE  for__io_return        Unknown  Unknown
SAM_ADV_MPDATA_SG  000000000057B5FA  for_write_dir_xmi     Unknown  Unknown
SAM_ADV_MPDATA_SG  00000000005788A2  for_write_dir         Unknown  Unknown
SAM_ADV_MPDATA_SG  000000000048955D  Unknown               Unknown  Unknown
SAM_ADV_MPDATA_SG  00000000004880D9  Unknown               Unknown  Unknown
SAM_ADV_MPDATA_SG  000000000050DFF6  Unknown               Unknown  Unknown
SAM_ADV_MPDATA_SG  000000000046BCF2  Unknown               Unknown  Unknown
SAM_ADV_MPDATA_SG  000000000040C65E  Unknown               Unknown  Unknown
libc-2.22.so       00002AAAACAF06D5  __libc_start_main     Unknown  Unknown
SAM_ADV_MPDATA_SG  000000000040C569  Unknown               Unknown  Unknown
forrtl: severe (66): output statement overflows record, unit 80, file /global/u2/b/bfildier/code/SAM6.10.10_EDMF/./OUT_MOVIES/RCE_MPDATAxTKExCAMxSAM1MOM_4000x4000x15_320x1x64_EDMF_usfc.raw_25
Image              PC                Routine            Line        Source             
SAM_ADV_MPDATA_SG  000000000053CACE  for__io_return        Unknown  Unknown
SAM_ADV_MPDATA_SG  000000000057B5FA  for_write_dir_xmi     Unknown  Unknown
SAM_ADV_MPDATA_SG  00000000005788A2  for_write_dir         Unknown  Unknown
SAM_ADV_MPDATA_SG  000000000048955D  Unknown               Unknown  Unknown
SAM_ADV_MPDATA_SG  00000000004880D9  Unknown               Unknown  Unknown
SAM_ADV_MPDATA_SG  000000000050DFF6  Unknown               Unknown  Unknown
SAM_ADV_MPDATA_SG  000000000046BCF2  Unknown               Unknown  Unknown
SAM_ADV_MPDATA_SG  000000000040C65E  Unknown               Unknown  Unknown
libc-2.22.so       00002AAAACAF06D5  __libc_start_main     Unknown  Unknown
SAM_ADV_MPDATA_SG  000000000040C569  Unknown               Unknown  Unknown
srun: error: nid02516: tasks 0-31: Exited with exit code 66
srun: Terminating job step 13743599.0
