forrtl: File exists
forrtl: severe (10): cannot overwrite existing file, unit 55, file /global/u2/b/bfildier/code/SAM6.10.10_EDMF/./OUT_STAT/RCE_MPDATAxTKExCAMxSAM1MOM_4000x4000x15_320x1x64_EDMF.stat
Image              PC                Routine            Line        Source             
SAM_ADV_MPDATA_SG  000000000053CACE  for__io_return        Unknown  Unknown
SAM_ADV_MPDATA_SG  000000000054FD75  for_open              Unknown  Unknown
SAM_ADV_MPDATA_SG  0000000000453672  Unknown               Unknown  Unknown
SAM_ADV_MPDATA_SG  000000000046B902  Unknown               Unknown  Unknown
SAM_ADV_MPDATA_SG  000000000040C65E  Unknown               Unknown  Unknown
libc-2.22.so       00002AAAACAF06D5  __libc_start_main     Unknown  Unknown
SAM_ADV_MPDATA_SG  000000000040C569  Unknown               Unknown  Unknown
srun: error: nid02516: task 0: Exited with exit code 10
srun: Terminating job step 13743500.0
slurmstepd: error: *** STEP 13743500.0 ON nid02516 CANCELLED AT 2018-07-20T11:05:41 ***
forrtl: error (78): process killed (SIGTERM)
Image              PC                Routine            Line        Source             
SAM_ADV_MPDATA_SG  00000000005467DE  for__signal_handl     Unknown  Unknown
libpthread-2.22.s  00002AAAAC8C3B20  Unknown               Unknown  Unknown
libmpich_intel.so  00002AAAAB93AD14  MPIDI_Cray_shared     Unknown  Unknown
libmpich_intel.so  00002AAAAB94C134  MPIR_CRAY_Allredu     Unknown  Unknown
libmpich_intel.so  00002AAAAB85CEC4  MPIR_Allreduce_im     Unknown  Unknown
libmpich_intel.so  00002AAAAB85D865  MPI_Allreduce         Unknown  Unknown
libmpich_intel.so  00002AAAAB91E332  mpi_allreduce_        Unknown  Unknown
SAM_ADV_MPDATA_SG  00000000005192CD  Unknown               Unknown  Unknown
SAM_ADV_MPDATA_SG  000000000046B133  Unknown               Unknown  Unknown
SAM_ADV_MPDATA_SG  000000000046BA11  Unknown               Unknown  Unknown
SAM_ADV_MPDATA_SG  000000000040C65E  Unknown               Unknown  Unknown
libc-2.22.so       00002AAAACAF06D5  __libc_start_main     Unknown  Unknown
SAM_ADV_MPDATA_SG  000000000040C569  Unknown               Unknown  Unknown
forrtl: error (78): process killed (SIGTERM)
Image              PC                Routine            Line        Source             
SAM_ADV_MPDATA_SG  00000000005467DE  for__signal_handl     Unknown  Unknown
libpthread-2.22.s  00002AAAAC8C3B20  Unknown               Unknown  Unknown
libmpich_intel.so  00002AAAAB93ABCC  MPIDI_Cray_shared     Unknown  Unknown
libmpich_intel.so  00002AAAAB94C134  MPIR_CRAY_Allredu     Unknown  Unknown
libmpich_intel.so  00002AAAAB85CEC4  MPIR_Allreduce_im     Unknown  Unknown
libmpich_intel.so  00002AAAAB85D865  MPI_Allreduce         Unknown  Unknown
libmpich_intel.so  00002AAAAB91E332  mpi_allreduce_        Unknown  Unknown
SAM_ADV_MPDATA_SG  00000000005192CD  Unknown               Unknown  Unknown
SAM_ADV_MPDATA_SG  000000000046B133  Unknown               Unknown  Unknown
SAM_ADV_MPDATA_SG  000000000046BA11  Unknown               Unknown  Unknown
SAM_ADV_MPDATA_SG  000000000040C65E  Unknown               Unknown  Unknown
libc-2.22.so       00002AAAACAF06D5  __libc_start_main     Unknown  Unknown
SAM_ADV_MPDATA_SG  000000000040C569  Unknown               Unknown  Unknown
forrtl: error (78): process killed (SIGTERM)
Image              PC                Routine            Line        Source             
SAM_ADV_MPDATA_SG  00000000005467DE  for__signal_handl     Unknown  Unknown
libpthread-2.22.s  00002AAAAC8C3B20  Unknown               Unknown  Unknown
libmpich_intel.so  00002AAAAB93AD14  MPIDI_Cray_shared     Unknown  Unknown
libmpich_intel.so  00002AAAAB94C134  MPIR_CRAY_Allredu     Unknown  Unknown
libmpich_intel.so  00002AAAAB85CEC4  MPIR_Allreduce_im     Unknown  Unknown
libmpich_intel.so  00002AAAAB85D865  MPI_Allreduce         Unknown  Unknown
libmpich_intel.so  00002AAAAB91E332  mpi_allreduce_        Unknown  Unknown
SAM_ADV_MPDATA_SG  00000000005192CD  Unknown               Unknown  Unknown
SAM_ADV_MPDATA_SG  000000000046B133  Unknown               Unknown  Unknown
SAM_ADV_MPDATA_SG  000000000046BA11  Unknown               Unknown  Unknown
SAM_ADV_MPDATA_SG  000000000040C65E  Unknown               Unknown  Unknown
libc-2.22.so       00002AAAACAF06D5  __libc_start_main     Unknown  Unknown
SAM_ADV_MPDATA_SG  000000000040C569  Unknown               Unknown  Unknown
forrtl: error (78): process killed (SIGTERM)
Image              PC                Routine            Line        Source             
SAM_ADV_MPDATA_SG  00000000005467DE  for__signal_handl     Unknown  Unknown
libpthread-2.22.s  00002AAAAC8C3B20  Unknown               Unknown  Unknown
libmpich_intel.so  00002AAAAB9DC6B4  MPIDI_CH3I_Progre     Unknown  Unknown
libmpich_intel.so  00002AAAAB93AD21  MPIDI_Cray_shared     Unknown  Unknown
libmpich_intel.so  00002AAAAB94C134  MPIR_CRAY_Allredu     Unknown  Unknown
libmpich_intel.so  00002AAAAB85CEC4  MPIR_Allreduce_im     Unknown  Unknown
libmpich_intel.so  00002AAAAB85D865  MPI_Allreduce         Unknown  Unknown
libmpich_intel.so  00002AAAAB91E332  mpi_allreduce_        Unknown  Unknown
SAM_ADV_MPDATA_SG  00000000005192CD  Unknown               Unknown  Unknown
SAM_ADV_MPDATA_SG  000000000046B133  Unknown               Unknown  Unknown
SAM_ADV_MPDATA_SG  000000000046BA11  Unknown               Unknown  Unknown
SAM_ADV_MPDATA_SG  000000000040C65E  Unknown               Unknown  Unknown
libc-2.22.so       00002AAAACAF06D5  __libc_start_main     Unknown  Unknown
SAM_ADV_MPDATA_SG  000000000040C569  Unknown               Unknown  Unknown
forrtl: error (78): process killed (SIGTERM)
Image              PC                Routine            Line        Source             
SAM_ADV_MPDATA_SG  00000000005467DE  for__signal_handl     Unknown  Unknown
libpthread-2.22.s  00002AAAAC8C3B20  Unknown               Unknown  Unknown
libmpich_intel.so  00002AAAAB9DC20B  MPIDI_CH3I_Progre     Unknown  Unknown
libmpich_intel.so  00002AAAAB93AD21  MPIDI_Cray_shared     Unknown  Unknown
libmpich_intel.so  00002AAAAB94C134  MPIR_CRAY_Allredu     Unknown  Unknown
libmpich_intel.so  00002AAAAB85CEC4  MPIR_Allreduce_im     Unknown  Unknown
libmpich_intel.so  00002AAAAB85D865  MPI_Allreduce         Unknown  Unknown
libmpich_intel.so  00002AAAAB91E332  mpi_allreduce_        Unknown  Unknown
SAM_ADV_MPDATA_SG  00000000005192CD  Unknown               Unknown  Unknown
SAM_ADV_MPDATA_SG  000000000046B133  Unknown               Unknown  Unknown
SAM_ADV_MPDATA_SG  000000000046BA11  Unknown               Unknown  Unknown
SAM_ADV_MPDATA_SG  000000000040C65E  Unknown               Unknown  Unknown
libc-2.22.so       00002AAAACAF06D5  __libc_start_main     Unknown  Unknown
SAM_ADV_MPDATA_SG  000000000040C569  Unknown               Unknown  Unknown
forrtl: error (78): process killed (SIGTERM)
Image              PC                Routine            Line        Source             
SAM_ADV_MPDATA_SG  00000000005467DE  for__signal_handl     Unknown  Unknown
libpthread-2.22.s  00002AAAAC8C3B20  Unknown               Unknown  Unknown
libmpich_intel.so  00002AAAAB93AD14  MPIDI_Cray_shared     Unknown  Unknown
libmpich_intel.so  00002AAAAB94C134  MPIR_CRAY_Allredu     Unknown  Unknown
libmpich_intel.so  00002AAAAB85CEC4  MPIR_Allreduce_im     Unknown  Unknown
libmpich_intel.so  00002AAAAB85D865  MPI_Allreduce         Unknown  Unknown
libmpich_intel.so  00002AAAAB91E332  mpi_allreduce_        Unknown  Unknown
SAM_ADV_MPDATA_SG  00000000005192CD  Unknown               Unknown  Unknown
SAM_ADV_MPDATA_SG  000000000046B133  Unknown               Unknown  Unknown
SAM_ADV_MPDATA_SG  000000000046BA11  Unknown               Unknown  Unknown
SAM_ADV_MPDATA_SG  000000000040C65E  Unknown               Unknown  Unknown
libc-2.22.so       00002AAAACAF06D5  __libc_start_main     Unknown  Unknown
SAM_ADV_MPDATA_SG  000000000040C569  Unknown               Unknown  Unknown
forrtl: error (78): process killed (SIGTERM)
Image              PC                Routine            Line        Source             
SAM_ADV_MPDATA_SG  00000000005467DE  for__signal_handl     Unknown  Unknown
libpthread-2.22.s  00002AAAAC8C3B20  Unknown               Unknown  Unknown
libmpich_intel.so  00002AAAAB93AD14  MPIDI_Cray_shared     Unknown  Unknown
libmpich_intel.so  00002AAAAB94C134  MPIR_CRAY_Allredu     Unknown  Unknown
libmpich_intel.so  00002AAAAB85CEC4  MPIR_Allreduce_im     Unknown  Unknown
libmpich_intel.so  00002AAAAB85D865  MPI_Allreduce         Unknown  Unknown
libmpich_intel.so  00002AAAAB91E332  mpi_allreduce_        Unknown  Unknown
SAM_ADV_MPDATA_SG  00000000005192CD  Unknown               Unknown  Unknown
SAM_ADV_MPDATA_SG  000000000046B133  Unknown               Unknown  Unknown
SAM_ADV_MPDATA_SG  000000000046BA11  Unknown               Unknown  Unknown
SAM_ADV_MPDATA_SG  000000000040C65E  Unknown               Unknown  Unknown
libc-2.22.so       00002AAAACAF06D5  __libc_start_main     Unknown  Unknown
SAM_ADV_MPDATA_SG  000000000040C569  Unknown               Unknown  Unknown
forrtl: error (78): process killed (SIGTERM)
Image              PC                Routine            Line        Source             
SAM_ADV_MPDATA_SG  00000000005467DE  for__signal_handl     Unknown  Unknown
libpthread-2.22.s  00002AAAAC8C3B20  Unknown               Unknown  Unknown
libmpich_intel.so  00002AAAAB93AD14  MPIDI_Cray_shared     Unknown  Unknown
libmpich_intel.so  00002AAAAB94C134  MPIR_CRAY_Allredu     Unknown  Unknown
libmpich_intel.so  00002AAAAB85CEC4  MPIR_Allreduce_im     Unknown  Unknown
libmpich_intel.so  00002AAAAB85D865  MPI_Allreduce         Unknown  Unknown
libmpich_intel.so  00002AAAAB91E332  mpi_allreduce_        Unknown  Unknown
SAM_ADV_MPDATA_SG  00000000005192CD  Unknown               Unknown  Unknown
SAM_ADV_MPDATA_SG  000000000046B133  Unknown               Unknown  Unknown
SAM_ADV_MPDATA_SG  000000000046BA11  Unknown               Unknown  Unknown
SAM_ADV_MPDATA_SG  000000000040C65E  Unknown               Unknown  Unknown
libc-2.22.so       00002AAAACAF06D5  __libc_start_main     Unknown  Unknown
SAM_ADV_MPDATA_SG  000000000040C569  Unknown               Unknown  Unknown
forrtl: error (78): process killed (SIGTERM)
Image              PC                Routine            Line        Source             
SAM_ADV_MPDATA_SG  00000000005467DE  for__signal_handl     Unknown  Unknown
libpthread-2.22.s  00002AAAAC8C3B20  Unknown               Unknown  Unknown
libmpich_intel.so  00002AAAAB93AD14  MPIDI_Cray_shared     Unknown  Unknown
libmpich_intel.so  00002AAAAB94C134  MPIR_CRAY_Allredu     Unknown  Unknown
libmpich_intel.so  00002AAAAB85CEC4  MPIR_Allreduce_im     Unknown  Unknown
libmpich_intel.so  00002AAAAB85D865  MPI_Allreduce         Unknown  Unknown
libmpich_intel.so  00002AAAAB91E332  mpi_allreduce_        Unknown  Unknown
SAM_ADV_MPDATA_SG  00000000005192CD  Unknown               Unknown  Unknown
SAM_ADV_MPDATA_SG  000000000046B133  Unknown               Unknown  Unknown
SAM_ADV_MPDATA_SG  000000000046BA11  Unknown               Unknown  Unknown
SAM_ADV_MPDATA_SG  000000000040C65E  Unknown               Unknown  Unknown
libc-2.22.so       00002AAAACAF06D5  __libc_start_main     Unknown  Unknown
SAM_ADV_MPDATA_SG  000000000040C569  Unknown               Unknown  Unknown
forrtl: error (78): process killed (SIGTERM)
Image              PC                Routine            Line        Source             
SAM_ADV_MPDATA_SG  00000000005467DE  for__signal_handl     Unknown  Unknown
libpthread-2.22.s  00002AAAAC8C3B20  Unknown               Unknown  Unknown
libmpich_intel.so  00002AAAAB93AD14  MPIDI_Cray_shared     Unknown  Unknown
libmpich_intel.so  00002AAAAB94C134  MPIR_CRAY_Allredu     Unknown  Unknown
libmpich_intel.so  00002AAAAB85CEC4  MPIR_Allreduce_im     Unknown  Unknown
libmpich_intel.so  00002AAAAB85D865  MPI_Allreduce         Unknown  Unknown
libmpich_intel.so  00002AAAAB91E332  mpi_allreduce_        Unknown  Unknown
SAM_ADV_MPDATA_SG  00000000005192CD  Unknown               Unknown  Unknown
SAM_ADV_MPDATA_SG  000000000046B133  Unknown               Unknown  Unknown
SAM_ADV_MPDATA_SG  000000000046BA11  Unknown               Unknown  Unknown
SAM_ADV_MPDATA_SG  000000000040C65E  Unknown               Unknown  Unknown
libc-2.22.so       00002AAAACAF06D5  __libc_start_main     Unknown  Unknown
SAM_ADV_MPDATA_SG  000000000040C569  Unknown               Unknown  Unknown
forrtl: error (78): process killed (SIGTERM)
Image              PC                Routine            Line        Source             
SAM_ADV_MPDATA_SG  00000000005467DE  for__signal_handl     Unknown  Unknown
libpthread-2.22.s  00002AAAAC8C3B20  Unknown               Unknown  Unknown
libmpich_intel.so  00002AAAAB93AD14  MPIDI_Cray_shared     Unknown  Unknown
libmpich_intel.so  00002AAAAB94C134  MPIR_CRAY_Allredu     Unknown  Unknown
libmpich_intel.so  00002AAAAB85CEC4  MPIR_Allreduce_im     Unknown  Unknown
libmpich_intel.so  00002AAAAB85D865  MPI_Allreduce         Unknown  Unknown
libmpich_intel.so  00002AAAAB91E332  mpi_allreduce_        Unknown  Unknown
SAM_ADV_MPDATA_SG  00000000005192CD  Unknown               Unknown  Unknown
SAM_ADV_MPDATA_SG  000000000046B133  Unknown               Unknown  Unknown
SAM_ADV_MPDATA_SG  000000000046BA11  Unknown               Unknown  Unknown
SAM_ADV_MPDATA_SG  000000000040C65E  Unknown               Unknown  Unknown
libc-2.22.so       00002AAAACAF06D5  __libc_start_main     Unknown  Unknown
SAM_ADV_MPDATA_SG  000000000040C569  Unknown               Unknown  Unknown
forrtl: error (78): process killed (SIGTERM)
Image              PC                Routine            Line        Source             
SAM_ADV_MPDATA_SG  00000000005467DE  for__signal_handl     Unknown  Unknown
libpthread-2.22.s  00002AAAAC8C3B20  Unknown               Unknown  Unknown
libmpich_intel.so  00002AAAAB93AD14  MPIDI_Cray_shared     Unknown  Unknown
libmpich_intel.so  00002AAAAB94C134  MPIR_CRAY_Allredu     Unknown  Unknown
libmpich_intel.so  00002AAAAB85CEC4  MPIR_Allreduce_im     Unknown  Unknown
libmpich_intel.so  00002AAAAB85D865  MPI_Allreduce         Unknown  Unknown
libmpich_intel.so  00002AAAAB91E332  mpi_allreduce_        Unknown  Unknown
SAM_ADV_MPDATA_SG  00000000005192CD  Unknown               Unknown  Unknown
SAM_ADV_MPDATA_SG  000000000046B133  Unknown               Unknown  Unknown
SAM_ADV_MPDATA_SG  000000000046BA11  Unknown               Unknown  Unknown
SAM_ADV_MPDATA_SG  000000000040C65E  Unknown               Unknown  Unknown
libc-2.22.so       00002AAAACAF06D5  __libc_start_main     Unknown  Unknown
SAM_ADV_MPDATA_SG  000000000040C569  Unknown               Unknown  Unknown
forrtl: error (78): process killed (SIGTERM)
Image              PC                Routine            Line        Source             
SAM_ADV_MPDATA_SG  00000000005467DE  for__signal_handl     Unknown  Unknown
libpthread-2.22.s  00002AAAAC8C3B20  Unknown               Unknown  Unknown
libmpich_intel.so  00002AAAAB93AD14  MPIDI_Cray_shared     Unknown  Unknown
libmpich_intel.so  00002AAAAB94C134  MPIR_CRAY_Allredu     Unknown  Unknown
libmpich_intel.so  00002AAAAB85CEC4  MPIR_Allreduce_im     Unknown  Unknown
libmpich_intel.so  00002AAAAB85D865  MPI_Allreduce         Unknown  Unknown
libmpich_intel.so  00002AAAAB91E332  mpi_allreduce_        Unknown  Unknown
SAM_ADV_MPDATA_SG  00000000005192CD  Unknown               Unknown  Unknown
SAM_ADV_MPDATA_SG  000000000046B133  Unknown               Unknown  Unknown
SAM_ADV_MPDATA_SG  000000000046BA11  Unknown               Unknown  Unknown
SAM_ADV_MPDATA_SG  000000000040C65E  Unknown               Unknown  Unknown
libc-2.22.so       00002AAAACAF06D5  __libc_start_main     Unknown  Unknown
SAM_ADV_MPDATA_SG  000000000040C569  Unknown               Unknown  Unknown
forrtl: error (78): process killed (SIGTERM)
Image              PC                Routine            Line        Source             
SAM_ADV_MPDATA_SG  00000000005467DE  for__signal_handl     Unknown  Unknown
libpthread-2.22.s  00002AAAAC8C3B20  Unknown               Unknown  Unknown
libmpich_intel.so  00002AAAAB93AD14  MPIDI_Cray_shared     Unknown  Unknown
libmpich_intel.so  00002AAAAB94C134  MPIR_CRAY_Allredu     Unknown  Unknown
libmpich_intel.so  00002AAAAB85CEC4  MPIR_Allreduce_im     Unknown  Unknown
libmpich_intel.so  00002AAAAB85D865  MPI_Allreduce         Unknown  Unknown
libmpich_intel.so  00002AAAAB91E332  mpi_allreduce_        Unknown  Unknown
SAM_ADV_MPDATA_SG  00000000005192CD  Unknown               Unknown  Unknown
SAM_ADV_MPDATA_SG  000000000046B133  Unknown               Unknown  Unknown
SAM_ADV_MPDATA_SG  000000000046BA11  Unknown               Unknown  Unknown
SAM_ADV_MPDATA_SG  000000000040C65E  Unknown               Unknown  Unknown
libc-2.22.so       00002AAAACAF06D5  __libc_start_main     Unknown  Unknown
SAM_ADV_MPDATA_SG  000000000040C569  Unknown               Unknown  Unknown
forrtl: error (78): process killed (SIGTERM)
Image              PC                Routine            Line        Source             
SAM_ADV_MPDATA_SG  00000000005467DE  for__signal_handl     Unknown  Unknown
libpthread-2.22.s  00002AAAAC8C3B20  Unknown               Unknown  Unknown
libmpich_intel.so  00002AAAAB93AD14  MPIDI_Cray_shared     Unknown  Unknown
libmpich_intel.so  00002AAAAB94C134  MPIR_CRAY_Allredu     Unknown  Unknown
libmpich_intel.so  00002AAAAB85CEC4  MPIR_Allreduce_im     Unknown  Unknown
libmpich_intel.so  00002AAAAB85D865  MPI_Allreduce         Unknown  Unknown
libmpich_intel.so  00002AAAAB91E332  mpi_allreduce_        Unknown  Unknown
SAM_ADV_MPDATA_SG  00000000005192CD  Unknown               Unknown  Unknown
SAM_ADV_MPDATA_SG  000000000046B133  Unknown               Unknown  Unknown
SAM_ADV_MPDATA_SG  000000000046BA11  Unknown               Unknown  Unknown
SAM_ADV_MPDATA_SG  000000000040C65E  Unknown               Unknown  Unknown
libc-2.22.so       00002AAAACAF06D5  __libc_start_main     Unknown  Unknown
SAM_ADV_MPDATA_SG  000000000040C569  Unknown               Unknown  Unknown
forrtl: error (78): process killed (SIGTERM)
Image              PC                Routine            Line        Source             
SAM_ADV_MPDATA_SG  00000000005467DE  for__signal_handl     Unknown  Unknown
libpthread-2.22.s  00002AAAAC8C3B20  Unknown               Unknown  Unknown
libmpich_intel.so  00002AAAAB93AD14  MPIDI_Cray_shared     Unknown  Unknown
libmpich_intel.so  00002AAAAB94C134  MPIR_CRAY_Allredu     Unknown  Unknown
libmpich_intel.so  00002AAAAB85CEC4  MPIR_Allreduce_im     Unknown  Unknown
libmpich_intel.so  00002AAAAB85D865  MPI_Allreduce         Unknown  Unknown
libmpich_intel.so  00002AAAAB91E332  mpi_allreduce_        Unknown  Unknown
SAM_ADV_MPDATA_SG  00000000005192CD  Unknown               Unknown  Unknown
SAM_ADV_MPDATA_SG  000000000046B133  Unknown               Unknown  Unknown
SAM_ADV_MPDATA_SG  000000000046BA11  Unknown               Unknown  Unknown
SAM_ADV_MPDATA_SG  000000000040C65E  Unknown               Unknown  Unknown
libc-2.22.so       00002AAAACAF06D5  __libc_start_main     Unknown  Unknown
SAM_ADV_MPDATA_SG  000000000040C569  Unknown               Unknown  Unknown
forrtl: error (78): process killed (SIGTERM)
Image              PC                Routine            Line        Source             
SAM_ADV_MPDATA_SG  00000000005467DE  for__signal_handl     Unknown  Unknown
libpthread-2.22.s  00002AAAAC8C3B20  Unknown               Unknown  Unknown
libmpich_intel.so  00002AAAAB9DC581  MPIDI_CH3I_Progre     Unknown  Unknown
libmpich_intel.so  00002AAAAB93AD21  MPIDI_Cray_shared     Unknown  Unknown
libmpich_intel.so  00002AAAAB94C134  MPIR_CRAY_Allredu     Unknown  Unknown
libmpich_intel.so  00002AAAAB85CEC4  MPIR_Allreduce_im     Unknown  Unknown
libmpich_intel.so  00002AAAAB85D865  MPI_Allreduce         Unknown  Unknown
libmpich_intel.so  00002AAAAB91E332  mpi_allreduce_        Unknown  Unknown
SAM_ADV_MPDATA_SG  00000000005192CD  Unknown               Unknown  Unknown
SAM_ADV_MPDATA_SG  000000000046B133  Unknown               Unknown  Unknown
SAM_ADV_MPDATA_SG  000000000046BA11  Unknown               Unknown  Unknown
SAM_ADV_MPDATA_SG  000000000040C65E  Unknown               Unknown  Unknown
libc-2.22.so       00002AAAACAF06D5  __libc_start_main     Unknown  Unknown
SAM_ADV_MPDATA_SG  000000000040C569  Unknown               Unknown  Unknown
forrtl: error (78): process killed (SIGTERM)
Image              PC                Routine            Line        Source             
SAM_ADV_MPDATA_SG  00000000005467DE  for__signal_handl     Unknown  Unknown
libpthread-2.22.s  00002AAAAC8C3B20  Unknown               Unknown  Unknown
libmpich_intel.so  00002AAAAB93AD14  MPIDI_Cray_shared     Unknown  Unknown
libmpich_intel.so  00002AAAAB94C134  MPIR_CRAY_Allredu     Unknown  Unknown
libmpich_intel.so  00002AAAAB85CEC4  MPIR_Allreduce_im     Unknown  Unknown
libmpich_intel.so  00002AAAAB85D865  MPI_Allreduce         Unknown  Unknown
libmpich_intel.so  00002AAAAB91E332  mpi_allreduce_        Unknown  Unknown
SAM_ADV_MPDATA_SG  00000000005192CD  Unknown               Unknown  Unknown
SAM_ADV_MPDATA_SG  000000000046B133  Unknown               Unknown  Unknown
SAM_ADV_MPDATA_SG  000000000046BA11  Unknown               Unknown  Unknown
SAM_ADV_MPDATA_SG  000000000040C65E  Unknown               Unknown  Unknown
libc-2.22.so       00002AAAACAF06D5  __libc_start_main     Unknown  Unknown
SAM_ADV_MPDATA_SG  000000000040C569  Unknown               Unknown  Unknown
forrtl: error (78): process killed (SIGTERM)
Image              PC                Routine            Line        Source             
SAM_ADV_MPDATA_SG  00000000005467DE  for__signal_handl     Unknown  Unknown
libpthread-2.22.s  00002AAAAC8C3B20  Unknown               Unknown  Unknown
libmpich_intel.so  00002AAAAB93AD14  MPIDI_Cray_shared     Unknown  Unknown
libmpich_intel.so  00002AAAAB94C134  MPIR_CRAY_Allredu     Unknown  Unknown
libmpich_intel.so  00002AAAAB85CEC4  MPIR_Allreduce_im     Unknown  Unknown
libmpich_intel.so  00002AAAAB85D865  MPI_Allreduce         Unknown  Unknown
libmpich_intel.so  00002AAAAB91E332  mpi_allreduce_        Unknown  Unknown
SAM_ADV_MPDATA_SG  00000000005192CD  Unknown               Unknown  Unknown
SAM_ADV_MPDATA_SG  000000000046B133  Unknown               Unknown  Unknown
SAM_ADV_MPDATA_SG  000000000046BA11  Unknown               Unknown  Unknown
SAM_ADV_MPDATA_SG  000000000040C65E  Unknown               Unknown  Unknown
libc-2.22.so       00002AAAACAF06D5  __libc_start_main     Unknown  Unknown
SAM_ADV_MPDATA_SG  000000000040C569  Unknown               Unknown  Unknown
forrtl: error (78): process killed (SIGTERM)
Image              PC                Routine            Line        Source             
SAM_ADV_MPDATA_SG  00000000005467DE  for__signal_handl     Unknown  Unknown
libpthread-2.22.s  00002AAAAC8C3B20  Unknown               Unknown  Unknown
libmpich_intel.so  00002AAAAB93AD14  MPIDI_Cray_shared     Unknown  Unknown
libmpich_intel.so  00002AAAAB94C134  MPIR_CRAY_Allredu     Unknown  Unknown
libmpich_intel.so  00002AAAAB85CEC4  MPIR_Allreduce_im     Unknown  Unknown
libmpich_intel.so  00002AAAAB85D865  MPI_Allreduce         Unknown  Unknown
libmpich_intel.so  00002AAAAB91E332  mpi_allreduce_        Unknown  Unknown
SAM_ADV_MPDATA_SG  00000000005192CD  Unknown               Unknown  Unknown
SAM_ADV_MPDATA_SG  000000000046B133  Unknown               Unknown  Unknown
SAM_ADV_MPDATA_SG  000000000046BA11  Unknown               Unknown  Unknown
SAM_ADV_MPDATA_SG  000000000040C65E  Unknown               Unknown  Unknown
libc-2.22.so       00002AAAACAF06D5  __libc_start_main     Unknown  Unknown
SAM_ADV_MPDATA_SG  000000000040C569  Unknown               Unknown  Unknown
forrtl: error (78): process killed (SIGTERM)
Image              PC                Routine            Line        Source             
SAM_ADV_MPDATA_SG  00000000005467DE  for__signal_handl     Unknown  Unknown
libpthread-2.22.s  00002AAAAC8C3B20  Unknown               Unknown  Unknown
libmpich_intel.so  00002AAAAB93AD14  MPIDI_Cray_shared     Unknown  Unknown
libmpich_intel.so  00002AAAAB94C134  MPIR_CRAY_Allredu     Unknown  Unknown
libmpich_intel.so  00002AAAAB85CEC4  MPIR_Allreduce_im     Unknown  Unknown
libmpich_intel.so  00002AAAAB85D865  MPI_Allreduce         Unknown  Unknown
libmpich_intel.so  00002AAAAB91E332  mpi_allreduce_        Unknown  Unknown
SAM_ADV_MPDATA_SG  00000000005192CD  Unknown               Unknown  Unknown
SAM_ADV_MPDATA_SG  000000000046B133  Unknown               Unknown  Unknown
SAM_ADV_MPDATA_SG  000000000046BA11  Unknown               Unknown  Unknown
SAM_ADV_MPDATA_SG  000000000040C65E  Unknown               Unknown  Unknown
libc-2.22.so       00002AAAACAF06D5  __libc_start_main     Unknown  Unknown
SAM_ADV_MPDATA_SG  000000000040C569  Unknown               Unknown  Unknown
forrtl: error (78): process killed (SIGTERM)
Image              PC                Routine            Line        Source             
SAM_ADV_MPDATA_SG  00000000005467DE  for__signal_handl     Unknown  Unknown
libpthread-2.22.s  00002AAAAC8C3B20  Unknown               Unknown  Unknown
libmpich_intel.so  00002AAAAB93AD14  MPIDI_Cray_shared     Unknown  Unknown
libmpich_intel.so  00002AAAAB94C134  MPIR_CRAY_Allredu     Unknown  Unknown
libmpich_intel.so  00002AAAAB85CEC4  MPIR_Allreduce_im     Unknown  Unknown
libmpich_intel.so  00002AAAAB85D865  MPI_Allreduce         Unknown  Unknown
libmpich_intel.so  00002AAAAB91E332  mpi_allreduce_        Unknown  Unknown
SAM_ADV_MPDATA_SG  00000000005192CD  Unknown               Unknown  Unknown
SAM_ADV_MPDATA_SG  000000000046B133  Unknown               Unknown  Unknown
SAM_ADV_MPDATA_SG  000000000046BA11  Unknown               Unknown  Unknown
SAM_ADV_MPDATA_SG  000000000040C65E  Unknown               Unknown  Unknown
libc-2.22.so       00002AAAACAF06D5  __libc_start_main     Unknown  Unknown
SAM_ADV_MPDATA_SG  000000000040C569  Unknown               Unknown  Unknown
forrtl: error (78): process killed (SIGTERM)
Image              PC                Routine            Line        Source             
SAM_ADV_MPDATA_SG  00000000005467DE  for__signal_handl     Unknown  Unknown
libpthread-2.22.s  00002AAAAC8C3B20  Unknown               Unknown  Unknown
libmpich_intel.so  00002AAAAB93AD14  MPIDI_Cray_shared     Unknown  Unknown
libmpich_intel.so  00002AAAAB94C134  MPIR_CRAY_Allredu     Unknown  Unknown
libmpich_intel.so  00002AAAAB85CEC4  MPIR_Allreduce_im     Unknown  Unknown
libmpich_intel.so  00002AAAAB85D865  MPI_Allreduce         Unknown  Unknown
libmpich_intel.so  00002AAAAB91E332  mpi_allreduce_        Unknown  Unknown
SAM_ADV_MPDATA_SG  00000000005192CD  Unknown               Unknown  Unknown
SAM_ADV_MPDATA_SG  000000000046B133  Unknown               Unknown  Unknown
SAM_ADV_MPDATA_SG  000000000046BA11  Unknown               Unknown  Unknown
SAM_ADV_MPDATA_SG  000000000040C65E  Unknown               Unknown  Unknown
libc-2.22.so       00002AAAACAF06D5  __libc_start_main     Unknown  Unknown
SAM_ADV_MPDATA_SG  000000000040C569  Unknown               Unknown  Unknown
forrtl: error (78): process killed (SIGTERM)
Image              PC                Routine            Line        Source             
SAM_ADV_MPDATA_SG  00000000005467DE  for__signal_handl     Unknown  Unknown
libpthread-2.22.s  00002AAAAC8C3B20  Unknown               Unknown  Unknown
libmpich_intel.so  00002AAAAB93AD14  MPIDI_Cray_shared     Unknown  Unknown
libmpich_intel.so  00002AAAAB94C134  MPIR_CRAY_Allredu     Unknown  Unknown
libmpich_intel.so  00002AAAAB85CEC4  MPIR_Allreduce_im     Unknown  Unknown
libmpich_intel.so  00002AAAAB85D865  MPI_Allreduce         Unknown  Unknown
libmpich_intel.so  00002AAAAB91E332  mpi_allreduce_        Unknown  Unknown
SAM_ADV_MPDATA_SG  00000000005192CD  Unknown               Unknown  Unknown
SAM_ADV_MPDATA_SG  000000000046B133  Unknown               Unknown  Unknown
SAM_ADV_MPDATA_SG  000000000046BA11  Unknown               Unknown  Unknown
SAM_ADV_MPDATA_SG  000000000040C65E  Unknown               Unknown  Unknown
libc-2.22.so       00002AAAACAF06D5  __libc_start_main     Unknown  Unknown
SAM_ADV_MPDATA_SG  000000000040C569  Unknown               Unknown  Unknown
forrtl: error (78): process killed (SIGTERM)
Image              PC                Routine            Line        Source             
SAM_ADV_MPDATA_SG  00000000005467DE  for__signal_handl     Unknown  Unknown
libpthread-2.22.s  00002AAAAC8C3B20  Unknown               Unknown  Unknown
libmpich_intel.so  00002AAAAB9DC585  MPIDI_CH3I_Progre     Unknown  Unknown
libmpich_intel.so  00002AAAAB93AD21  MPIDI_Cray_shared     Unknown  Unknown
libmpich_intel.so  00002AAAAB94C134  MPIR_CRAY_Allredu     Unknown  Unknown
libmpich_intel.so  00002AAAAB85CEC4  MPIR_Allreduce_im     Unknown  Unknown
libmpich_intel.so  00002AAAAB85D865  MPI_Allreduce         Unknown  Unknown
libmpich_intel.so  00002AAAAB91E332  mpi_allreduce_        Unknown  Unknown
SAM_ADV_MPDATA_SG  00000000005192CD  Unknown               Unknown  Unknown
SAM_ADV_MPDATA_SG  000000000046B133  Unknown               Unknown  Unknown
SAM_ADV_MPDATA_SG  000000000046BA11  Unknown               Unknown  Unknown
SAM_ADV_MPDATA_SG  000000000040C65E  Unknown               Unknown  Unknown
libc-2.22.so       00002AAAACAF06D5  __libc_start_main     Unknown  Unknown
SAM_ADV_MPDATA_SG  000000000040C569  Unknown               Unknown  Unknown
forrtl: error (78): process killed (SIGTERM)
Image              PC                Routine            Line        Source             
SAM_ADV_MPDATA_SG  00000000005467DE  for__signal_handl     Unknown  Unknown
libpthread-2.22.s  00002AAAAC8C3B20  Unknown               Unknown  Unknown
libmpich_intel.so  00002AAAAB93AD07  MPIDI_Cray_shared     Unknown  Unknown
libmpich_intel.so  00002AAAAB94C134  MPIR_CRAY_Allredu     Unknown  Unknown
libmpich_intel.so  00002AAAAB85CEC4  MPIR_Allreduce_im     Unknown  Unknown
libmpich_intel.so  00002AAAAB85D865  MPI_Allreduce         Unknown  Unknown
libmpich_intel.so  00002AAAAB91E332  mpi_allreduce_        Unknown  Unknown
SAM_ADV_MPDATA_SG  00000000005192CD  Unknown               Unknown  Unknown
SAM_ADV_MPDATA_SG  000000000046B133  Unknown               Unknown  Unknown
SAM_ADV_MPDATA_SG  000000000046BA11  Unknown               Unknown  Unknown
SAM_ADV_MPDATA_SG  000000000040C65E  Unknown               Unknown  Unknown
libc-2.22.so       00002AAAACAF06D5  __libc_start_main     Unknown  Unknown
SAM_ADV_MPDATA_SG  000000000040C569  Unknown               Unknown  Unknown
forrtl: error (78): process killed (SIGTERM)
Image              PC                Routine            Line        Source             
SAM_ADV_MPDATA_SG  00000000005467DE  for__signal_handl     Unknown  Unknown
libpthread-2.22.s  00002AAAAC8C3B20  Unknown               Unknown  Unknown
libmpich_intel.so  00002AAAAB93AD14  MPIDI_Cray_shared     Unknown  Unknown
libmpich_intel.so  00002AAAAB94C134  MPIR_CRAY_Allredu     Unknown  Unknown
libmpich_intel.so  00002AAAAB85CEC4  MPIR_Allreduce_im     Unknown  Unknown
libmpich_intel.so  00002AAAAB85D865  MPI_Allreduce         Unknown  Unknown
libmpich_intel.so  00002AAAAB91E332  mpi_allreduce_        Unknown  Unknown
SAM_ADV_MPDATA_SG  00000000005192CD  Unknown               Unknown  Unknown
SAM_ADV_MPDATA_SG  000000000046B133  Unknown               Unknown  Unknown
SAM_ADV_MPDATA_SG  000000000046BA11  Unknown               Unknown  Unknown
SAM_ADV_MPDATA_SG  000000000040C65E  Unknown               Unknown  Unknown
libc-2.22.so       00002AAAACAF06D5  __libc_start_main     Unknown  Unknown
SAM_ADV_MPDATA_SG  000000000040C569  Unknown               Unknown  Unknown
forrtl: error (78): process killed (SIGTERM)
Image              PC                Routine            Line        Source             
SAM_ADV_MPDATA_SG  00000000005467DE  for__signal_handl     Unknown  Unknown
libpthread-2.22.s  00002AAAAC8C3B20  Unknown               Unknown  Unknown
libmpich_intel.so  00002AAAAB93AD11  MPIDI_Cray_shared     Unknown  Unknown
libmpich_intel.so  00002AAAAB94C134  MPIR_CRAY_Allredu     Unknown  Unknown
libmpich_intel.so  00002AAAAB85CEC4  MPIR_Allreduce_im     Unknown  Unknown
libmpich_intel.so  00002AAAAB85D865  MPI_Allreduce         Unknown  Unknown
libmpich_intel.so  00002AAAAB91E332  mpi_allreduce_        Unknown  Unknown
SAM_ADV_MPDATA_SG  00000000005192CD  Unknown               Unknown  Unknown
SAM_ADV_MPDATA_SG  000000000046B133  Unknown               Unknown  Unknown
SAM_ADV_MPDATA_SG  000000000046BA11  Unknown               Unknown  Unknown
SAM_ADV_MPDATA_SG  000000000040C65E  Unknown               Unknown  Unknown
libc-2.22.so       00002AAAACAF06D5  __libc_start_main     Unknown  Unknown
SAM_ADV_MPDATA_SG  000000000040C569  Unknown               Unknown  Unknown
forrtl: error (78): process killed (SIGTERM)
Image              PC                Routine            Line        Source             
SAM_ADV_MPDATA_SG  00000000005467DE  for__signal_handl     Unknown  Unknown
libpthread-2.22.s  00002AAAAC8C3B20  Unknown               Unknown  Unknown
libmpich_intel.so  00002AAAAB93AD0E  MPIDI_Cray_shared     Unknown  Unknown
libmpich_intel.so  00002AAAAB94C134  MPIR_CRAY_Allredu     Unknown  Unknown
libmpich_intel.so  00002AAAAB85CEC4  MPIR_Allreduce_im     Unknown  Unknown
libmpich_intel.so  00002AAAAB85D865  MPI_Allreduce         Unknown  Unknown
libmpich_intel.so  00002AAAAB91E332  mpi_allreduce_        Unknown  Unknown
SAM_ADV_MPDATA_SG  00000000005192CD  Unknown               Unknown  Unknown
SAM_ADV_MPDATA_SG  000000000046B133  Unknown               Unknown  Unknown
SAM_ADV_MPDATA_SG  000000000046BA11  Unknown               Unknown  Unknown
SAM_ADV_MPDATA_SG  000000000040C65E  Unknown               Unknown  Unknown
libc-2.22.so       00002AAAACAF06D5  __libc_start_main     Unknown  Unknown
SAM_ADV_MPDATA_SG  000000000040C569  Unknown               Unknown  Unknown
forrtl: error (78): process killed (SIGTERM)
Image              PC                Routine            Line        Source             
SAM_ADV_MPDATA_SG  00000000005467DE  for__signal_handl     Unknown  Unknown
libpthread-2.22.s  00002AAAAC8C3B20  Unknown               Unknown  Unknown
libmpich_intel.so  00002AAAAB93AD14  MPIDI_Cray_shared     Unknown  Unknown
libmpich_intel.so  00002AAAAB94C134  MPIR_CRAY_Allredu     Unknown  Unknown
libmpich_intel.so  00002AAAAB85CEC4  MPIR_Allreduce_im     Unknown  Unknown
libmpich_intel.so  00002AAAAB85D865  MPI_Allreduce         Unknown  Unknown
libmpich_intel.so  00002AAAAB91E332  mpi_allreduce_        Unknown  Unknown
SAM_ADV_MPDATA_SG  00000000005192CD  Unknown               Unknown  Unknown
SAM_ADV_MPDATA_SG  000000000046B133  Unknown               Unknown  Unknown
SAM_ADV_MPDATA_SG  000000000046BA11  Unknown               Unknown  Unknown
SAM_ADV_MPDATA_SG  000000000040C65E  Unknown               Unknown  Unknown
libc-2.22.so       00002AAAACAF06D5  __libc_start_main     Unknown  Unknown
SAM_ADV_MPDATA_SG  000000000040C569  Unknown               Unknown  Unknown
forrtl: error (78): process killed (SIGTERM)
Image              PC                Routine            Line        Source             
SAM_ADV_MPDATA_SG  00000000005467DE  for__signal_handl     Unknown  Unknown
libpthread-2.22.s  00002AAAAC8C3B20  Unknown               Unknown  Unknown
libmpich_intel.so  00002AAAAB93AD14  MPIDI_Cray_shared     Unknown  Unknown
libmpich_intel.so  00002AAAAB94C134  MPIR_CRAY_Allredu     Unknown  Unknown
libmpich_intel.so  00002AAAAB85CEC4  MPIR_Allreduce_im     Unknown  Unknown
libmpich_intel.so  00002AAAAB85D865  MPI_Allreduce         Unknown  Unknown
libmpich_intel.so  00002AAAAB91E332  mpi_allreduce_        Unknown  Unknown
SAM_ADV_MPDATA_SG  00000000005192CD  Unknown               Unknown  Unknown
SAM_ADV_MPDATA_SG  000000000046B133  Unknown               Unknown  Unknown
SAM_ADV_MPDATA_SG  000000000046BA11  Unknown               Unknown  Unknown
SAM_ADV_MPDATA_SG  000000000040C65E  Unknown               Unknown  Unknown
libc-2.22.so       00002AAAACAF06D5  __libc_start_main     Unknown  Unknown
SAM_ADV_MPDATA_SG  000000000040C569  Unknown               Unknown  Unknown
srun: error: nid02516: tasks 1-31: Exited with exit code 1
