nid02516
nid02516
nid02516
nid02516
nid02516
nid02516
nid02516
nid02516
nid02516
nid02516
nid02516
nid02516
nid02516
nid02516
nid02516
nid02516
nid02516
nid02516
nid02516
nid02516
nid02516
nid02516
nid02516
nid02516
nid02516
nid02516
nid02516
nid02516
nid02516
nid02516
nid02516
nid02516
 number of MPI tasks:          32
           **************************************************
           **************************************************
           *                                                *
           *      *****          **       ***          **   *
           *    ***   ***       ****      ****       ****   *
           *   ***     ***     *** ***    *****     *****   *
           *    ***           ***   ***   *** **   ** ***   *
           *       ***       ***     ***  ***  ** **  ***   *
           *          ***    ***     ***  ***   ***   ***   *
           *   ***     ***   ***********  ***         ***   *
           *    ***   ***    ***     ***  ***         ***   *
           *      *****      ***     ***  ***         ***   *
           *                                                *
           **************************************************
           **************************************************
           ***       System for Atmospheric Modeling      ***
           ***                    SAM                     ***
                     Version 6.10.10 (May 2016)  
           **************************************************
           ***     (C) Marat Khairoutdinov                ***
           *** School of Marine and Atmospheric Sciences  ***
           ***       Stony Brook University               ***
           **************************************************
           ***       The model can be used only with      ***
           ***         permission from the author!        ***
           ***       No transfer to any third party       ***
           ***                is allowed!                 ***
           **************************************************
           **************************************************
           ***       DATE 07/20/18 TIME 11:05:24          ***
           **************************************************
 
 
 surface pressure:    1006.910    
 Initial Sounding:
  k      z    rho     rhoi    s      h     h*      qt      u      v     adz
  64 26982.8  0.027  0.029 487.50 487.50 493.91   0.00   0.00   0.00  21.79    
  63 25893.4  0.032  0.035 472.60 472.60 475.91  -0.00   0.00   0.00  20.80    
  62 24903.1  0.038  0.041 459.04 459.04 460.80   0.00   0.00   0.00  18.91    
  61 24002.8  0.044  0.048 448.17 448.17 449.35   0.00   0.00   0.00  17.19    
  60 23184.4  0.051  0.055 437.84 437.84 438.59   0.00   0.00   0.00  15.62    
  59 22440.4  0.058  0.062 428.08 428.08 428.56   0.00   0.00   0.00  14.20    
  58 21764.0  0.066  0.070 419.18 419.18 419.49   0.00   0.00   0.00  12.91    
  57 21149.1  0.074  0.077 411.76 411.76 411.99   0.00   0.00   0.00  11.74    
  56 20590.1  0.081  0.085 405.63 405.64 405.82   0.00   0.00   0.00  10.67    
  55 20081.9  0.088  0.092 400.64 400.64 400.81   0.00   0.00   0.00  10.08    
  54 19581.9  0.096  0.100 395.80 395.81 395.96   0.00   0.00   0.00  10.00    
  53 19081.9  0.105  0.109 390.77 390.77 390.91   0.00   0.00   0.00  10.00    
  52 18581.9  0.114  0.119 385.49 385.50 385.61   0.00   0.00   0.00  10.00    
  51 18081.9  0.124  0.130 379.86 379.87 379.97   0.00   0.00   0.00  10.00    
  50 17581.9  0.135  0.141 374.84 374.85 374.94   0.00   0.00   0.00  10.00    
  49 17081.9  0.148  0.154 369.59 369.60 369.67   0.00   0.00   0.00  10.00    
  48 16581.9  0.161  0.168 364.54 364.55 364.61   0.01   0.00   0.00  10.00    
  47 16081.9  0.175  0.183 359.11 359.12 359.17   0.01   0.00   0.00  10.00    
  46 15581.9  0.191  0.200 353.67 353.69 353.73   0.01   0.00   0.00  10.00    
  45 15081.9  0.209  0.218 348.06 348.07 348.10   0.01   0.00   0.00  10.00    
  44 14581.9  0.228  0.238 342.79 342.81 342.83   0.01   0.00   0.00  10.00    
  43 14081.9  0.248  0.258 338.12 338.13 338.16   0.01   0.00   0.00  10.00    
  42 13581.9  0.269  0.279 334.44 334.46 334.48   0.01   0.00   0.00  10.00    
  41 13081.9  0.289  0.299 331.70 331.72 331.75   0.01   0.00   0.00  10.00    
  40 12581.9  0.310  0.320 329.81 329.84 329.88   0.01   0.00   0.00  10.00    
  39 12081.9  0.330  0.341 328.51 328.56 328.62   0.02   0.00   0.00  10.00    
  38 11581.9  0.351  0.362 327.64 327.72 327.80   0.03   0.00   0.00  10.00    
  37 11081.9  0.373  0.384 326.99 327.12 327.25   0.05   0.00   0.00  10.00    
  36 10581.9  0.395  0.406 326.48 326.68 326.88   0.08   0.00   0.00  10.00    
  35 10081.9  0.418  0.429 326.00 326.29 326.60   0.12   0.00   0.00  10.00    
  34  9581.9  0.442  0.454 325.49 325.90 326.37   0.16   0.00   0.00  10.00    
  33  9081.9  0.466  0.479 324.88 325.45 326.16   0.23   0.00   0.00  10.00    
  32  8581.9  0.492  0.506 324.17 324.94 325.96   0.31   0.00   0.00  10.00    
  31  8081.9  0.519  0.533 323.35 324.39 325.79   0.42   0.00   0.00  10.00    
  30  7581.9  0.548  0.563 322.42 323.80 325.70   0.55   0.00   0.00  10.00    
  29  7081.9  0.578  0.593 321.34 323.17 325.63   0.73   0.00   0.00  10.00    
  28  6581.9  0.609  0.625 320.08 322.54 325.56   0.98   0.00   0.00  10.00    
  27  6081.9  0.642  0.659 318.64 321.96 325.47   1.33   0.00   0.00  10.00    
  26  5581.9  0.677  0.694 317.06 321.47 325.41   1.76   0.00   0.00  10.00    
  25  5081.9  0.713  0.731 315.39 321.13 325.46   2.30   0.00   0.00  10.00    
  24  4581.9  0.751  0.770 313.65 320.97 325.68   2.93   0.00   0.00  10.00    
  23  4081.9  0.789  0.809 311.88 321.05 326.15   3.67   0.00   0.00  9.572    
  22  3624.6  0.826  0.845 310.28 321.41 326.90   4.45   0.00   0.00  8.677    
  21  3214.2  0.861  0.878 308.81 321.99 327.75   5.27   0.00   0.00  7.790    
  20  2845.7  0.893  0.909 307.46 322.74 328.64   6.11   0.00   0.00  6.993    
  19  2514.9  0.923  0.937 306.21 323.59 329.55   6.95   0.00   0.00  6.278    
  18  2217.9  0.950  0.963 305.05 324.53 330.41   7.79   0.00   0.00  5.636    
  17  1951.3  0.975  0.987 303.99 325.48 331.24   8.60   0.00   0.00  5.059    
  16  1711.9  0.998  1.009 303.02 326.44 332.03   9.37   0.00   0.00  4.542    
  15  1497.1  1.019  1.029 302.14 327.38 332.79  10.09   0.00   0.00  4.077    
  14  1304.2  1.038  1.047 301.34 328.33 333.49  10.79   0.00   0.00  3.660    
  13  1131.0  1.055  1.064 300.63 329.28 334.22  11.46   0.00   0.00  3.286    
  12   975.6  1.071  1.078 300.03 330.26 335.01  12.09   0.00   0.00  2.950    
  11   836.0  1.085  1.092 299.53 331.25 335.90  12.69   0.00   0.00  2.648    
  10   710.8  1.097  1.103 299.13 332.20 336.91  13.23   0.00   0.00  2.377    
   9   598.3  1.109  1.114 298.82 333.05 338.04  13.69   0.00   0.00  2.134    
   8   497.3  1.118  1.123 298.61 333.73 339.29  14.05   0.00   0.00  1.916    
   7   406.7  1.127  1.131 298.45 334.24 340.61  14.31   0.00   0.00  1.720    
   6   325.3  1.135  1.139 298.34 334.61 341.93  14.51   0.00   0.00  1.544    
   5   252.3  1.142  1.145 298.26 334.90 343.22  14.65   0.00   0.00  1.386    
   4   186.7  1.148  1.151 298.20 335.11 344.46  14.76   0.00   0.00  1.244    
   3   127.8  1.154  1.157 298.15 335.38 345.63  14.89   0.00   0.00  1.117    
   2    75.0  1.159  1.161 298.12 335.71 346.74  15.03   0.00   0.00  1.028    
   1    25.0  1.163  1.165 298.23 337.60 348.35  15.75   0.00   0.00  1.000    
  k      z    rho     rhoi    s      h     h*      qt      u      v     adz     
 N
 
   k      z      dz     pres   presi   Tabs     tp     tpl      qt      Qc     Qi    REL
  64 26982.78 1089.34   17.06   18.54  223.85  716.69  716.69  0.0000  0.0000  0.0000    0.00
  63 25893.44 1039.83   20.19   21.80  219.59  670.09  670.09 -0.0000  0.0000  0.0000   -0.00
  62 24903.12  945.30   23.59   25.33  215.71  629.59  629.59  0.0004  0.0000  0.0000    0.06
  61 24002.84  859.36   27.23   29.07  213.64  598.50  598.50  0.0006  0.0000  0.0000    0.13
  60 23184.40  781.24   31.06   32.99  211.30  570.06  570.06  0.0008  0.0000  0.0000    0.26
  59 22440.36  710.22   35.06   37.06  208.82  544.18  544.18  0.0011  0.0000  0.0000    0.58
  58 21763.97  645.65   39.19   41.24  206.52  521.33  521.33  0.0018  0.0000  0.0000    1.46
  57 21149.06  586.96   43.41   45.48  205.11  502.85  502.85  0.0021  0.0000  0.0000    2.30
  56 20590.05  533.60   47.66   49.73  204.45  488.03  488.03  0.0021  0.0000  0.0000    2.77
  55 20081.87  504.09   51.89   54.10  204.42  476.24  476.24  0.0021  0.0000  0.0000    3.03
  54 19581.87  500.00   56.41   58.82  204.47  465.12  465.12  0.0021  0.0000  0.0000    3.28
  53 19081.87  500.00   61.33   63.95  204.32  453.80  453.80  0.0023  0.0000  0.0000    3.98
  52 18581.87  500.00   66.69   69.54  203.93  442.21  442.21  0.0029  0.0000  0.0000    5.76
  51 18081.87  500.00   72.53   75.64  203.19  430.16  430.16  0.0036  0.0000  0.0000    8.61
  50 17581.87  500.00   78.89   82.28  203.05  419.66  419.66  0.0042  0.0000  0.0000   11.12
  49 17081.87  500.00   85.83   89.52  202.69  408.93  408.93  0.0048  0.0000  0.0000   14.55
  48 16581.87  500.00   93.38   97.41  202.52  398.86  398.86  0.0052  0.0000  0.0000   17.50
  47 16081.87  500.00  101.61  106.01  201.97  388.29  388.29  0.0056  0.0000  0.0000   22.03
  46 15581.87  500.00  110.60  115.39  201.42  377.97  377.97  0.0058  0.0000  0.0000   26.60
  45 15081.87  500.00  120.41  125.65  200.69  367.56  367.56  0.0059  0.0000  0.0000   32.11
  44 14581.87  500.00  131.13  136.84  200.31  358.03  358.03  0.0060  0.0000  0.0000   37.21
  43 14081.87  500.00  142.80  149.01  200.53  349.78  349.78  0.0061  0.0000  0.0000   40.21
  42 13581.87  500.00  155.46  162.19  201.74  343.45  343.45  0.0066  0.0000  0.0000   40.89
  41 13081.87  500.00  169.13  176.37  203.87  338.83  338.83  0.0078  0.0000  0.0000   39.59
  40 12581.87  500.00  183.81  191.56  206.87  335.73  335.73  0.0113  0.0000  0.0000   40.83
  39 12081.87  500.00  199.50  207.76  210.46  333.65  333.65  0.0193  0.0000  0.0000   45.83
  38 11581.87  500.00  216.21  225.00  214.47  332.27  332.27  0.0327  0.0000  0.0000   49.64
  37 11081.87  500.00  233.96  243.28  218.71  331.29  331.29  0.0523  0.0000  0.0000   50.89
  36 10581.87  500.00  252.78  262.65  223.09  330.52  330.52  0.0794  0.0000  0.0000   50.19
  35 10081.87  500.00  272.70  283.14  227.50  329.83  329.83  0.1157  0.0000  0.0000   48.39
  34  9581.87  500.00  293.77  304.80  231.86  329.08  329.08  0.1640  0.0000  0.0000   46.45
  33  9081.87  500.00  316.03  327.67  236.15  328.24  328.24  0.2266  0.0000  0.0000   44.56
  32  8581.87  500.00  339.53  351.82  240.32  327.26  327.26  0.3092  0.0000  0.0000   43.32
  31  8081.87  500.00  364.33  377.29  244.38  326.15  326.15  0.4151  0.0000  0.0000   42.43
  30  7581.87  500.00  390.50  404.16  248.34  324.93  324.93  0.5500  0.0000  0.0000   41.93
  29  7081.87  500.00  418.09  432.49  252.15  323.53  323.53  0.7305  0.0000  0.0000   42.56
  28  6581.87  500.00  447.18  462.36  255.77  321.93  321.93  0.9828  0.0000  0.0000   44.88
  27  6081.87  500.00  477.84  493.85  259.22  320.14  320.14  1.3252  0.0000  0.0000   48.54
  26  5581.87  500.00  510.17  527.03  262.52  318.21  318.21  1.7648  0.0000  0.0000   52.85
  25  5081.87  500.00  544.23  561.99  265.73  316.21  316.21  2.2961  0.0000  0.0000   56.98
  24  4581.87  500.00  580.10  598.80  268.88  314.17  314.17  2.9270  0.0000  0.0000   60.82
  23  4081.87  478.62  617.87  635.85  272.00  312.13  312.13  3.6677  0.0000  0.0000   64.29
  22  3624.63  433.85  654.14  671.01  274.87  310.32  310.32  4.4484  0.0000  0.0000   66.95
  21  3214.16  389.48  688.15  703.90  277.41  308.69  308.69  5.2708  0.0000  0.0000   69.59
  20  2845.66  349.65  719.88  734.53  279.65  307.20  307.20  6.1126  0.0000  0.0000   72.14
  19  2514.86  313.89  749.37  762.94  281.63  305.85  305.85  6.9541  0.0000  0.0000   74.50
  18  2217.88  281.79  776.67  789.20  283.38  304.61  304.61  7.7886  0.0000  0.0000   76.79
  17  1951.28  252.97  801.86  813.39  284.92  303.49  303.49  8.5968  0.0000  0.0000   78.89
  16  1711.95  227.10  825.03  835.62  286.29  302.48  302.48  9.3652  0.0000  0.0000   80.71
  15  1497.09  203.87  846.30  856.00  287.51  301.56  301.56 10.0927  0.0000  0.0000   82.34
  14  1304.20  183.02  865.77  874.64  288.60  300.73  300.73 10.7931  0.0000  0.0000   83.93
  13  1131.05  164.30  883.56  891.65  289.58  300.01  300.01 11.4568  0.0000  0.0000   85.29
  12   975.60  147.50  899.78  907.15  290.49  299.40  299.40 12.0923  0.0000  0.0000   86.43
  11   836.05  132.41  914.55  921.24  291.36  298.89  298.89 12.6876  0.0000  0.0000   87.21
  10   710.77  118.87  927.96  934.04  292.18  298.50  298.50 13.2273  0.0000  0.0000   87.54
   9   598.31  106.71  940.14  945.64  292.98  298.19  298.19 13.6893  0.0000  0.0000   87.28
   8   497.34   95.80  951.17  956.15  293.75  297.98  297.98 14.0486  0.0000  0.0000   86.34
   7   406.71   86.00  961.15  965.66  294.48  297.83  297.83 14.3140  0.0000  0.0000   84.90
   6   325.34   77.21  970.18  974.26  295.16  297.73  297.73 14.5055  0.0000  0.0000   83.21
   5   252.29   69.31  978.35  982.03  295.80  297.65  297.65 14.6509  0.0000  0.0000   81.47
   4   186.72   62.22  985.71  989.04  296.38  297.60  297.60 14.7635  0.0000  0.0000   79.81
   3   127.85   55.86  992.36  995.36  296.91  297.56  297.56 14.8880  0.0000  0.0000   78.41
   2    75.00   51.42  998.36 1001.21  297.39  297.53  297.53 15.0316  0.0000  0.0000   77.31
   1    25.00   50.00 1004.05 1006.91  297.98  297.64  297.64 15.7461  0.0000  0.0000   78.54
   k      z      dz     pres   presi   Tabs     tp     tpl      qt      Qc     Qi    REL
 Smagorinsky SGS Closure
 Initializeing forcing data...
 sounding data: nsnd=           3   nzsnd=          64
 Observed sounding interval (days):  0.0000000E+00   2000.000    
 
 Case: RCE
 Caseid: MPDATAxTKExCAMxSAM1MOM_4000x4000x15_320x1x64_EDMF
 New Run.
 Day:  0.0000000E+00
 Model type: CEM
 Finish at timestep:        1200
 Finish on day:  0.2083333    
 
 Statistics file ouput frequency:          120  steps
 Statistics file sampling: every           30  steps
 printouts frequency:         360  steps
 Adams-Bashforth scheme order:           3
 
 Global Grid:         320           1          64
 Local Grid:          10           1          64
 Grid spacing (m) dx, dy, dz:   4000.000       4000.000       50.00000    
 Domain dimensions (m):   1280000.       4000.000       26982.78    
 dowallx= F
 dowally= F
 
 Timestep (sec):   15.00000    
 domain translation velocities ug, vg:  0.0000000E+00  0.0000000E+00
 
 do column model F
 do convective parameterization F
 do spange damping at the domain top:  T
 maintain grad. of scalars at the top: F
 clouds are allowed: T
 precipitation is allowed: T
 smoke cloud F
 SGS scheme is on: T
 larger-scale subsidence is on: F
 larger-scale tendency is on: F
 coriolis force is allowed: F
 vertical coriolis force is allowed: F
 longwave radiation: T
 shortwave radiation: T
 do seasonal solar cycle: F
 do perpetual sun: T
 compute effective radius for liquid: F
 compute effective radius for ice: F
 doradsimple =  F
 doradhomo = F
 dosolarconstant =  F
 solar_constant =    685.0000    
 zenith_angle =    51.70000    
 doradlon =  F
 doradlat =  F
 Latitude0:  0.0000000E+00
 Longitude0:  0.0000000E+00
 rundatadir = ./RUNDATA
 factor to change present CO2 concentration: nxco2=   1.000000    
 surface flux parameterization is on: T
 Surface type: OCEAN
  sensible heat flux prescribed: F
  latent heat flux prescribed: F
  surface stress prescribed: F
 dosfchomo =  F
 doisccp =  F
 domodis =  F
 domisr =  F
 dosimfilesout= F
 dodynamicocean = F
 doseawater= F
 salt_factor (satur. correction for salty water)=   1.000000    
 dotracers = F
 output_sep = F
 perturb_type =            0
 doSAMconditionals = F
 dosatupdnconditionals = T
 doscamiopdata = F
 iopfile:
 dozero_out_day0 = F
 nsave2D =           40
 nsave2Dstart =            0
 nsave2Dend =    999999999
 save2Dbin =  F
 nsave3D =           40
 nsave3Dstart =            0
 nsave3Dend =    999999999
 save3Dbin =  F
 qnsave3D =   0.0000000E+00
 docolumn =  F
 doensemble =  F
 nensemble =            0
 nstatmom =            1
 nstatmomstart =    999999999
 nstatmomend =    999999999
 savemombin =  F
 nmovie =           60
 nmoviestart =         1200
 nmovieend =         1200
 Number of statistics profiles:         387
 Statistics profiles to save:
PRES       U          V          UOBS       VOBS       WOBS       RHO        MSE     
DSE        SSE        THETAE     THETA      THETAV     THETAL     TABS       TABSOBS 
TL         QT         QV         QVOBS      TTEND      QTEND      QCL        QCI     
QPL        QPI        QN         QP         QNFR       FRACT      QSAT       QCOND   
PRECIP     RELH       TLFLUX     TLFLUXS    TVFLUX     QCFLUX     QIFLUX     SW      
SWSB       UW         UWSB       VW         VWSB       RADLWUP    RADLWDN    RADSWUP 
RADSWDN    RADQRLW    RADQRSW    RADQR      RADQRS     RADQRC     Q1C        Q1CC    
Q1CS       Q1LS       Q2         Q2C        Q2S        Q2LS       U2         V2      
W2         TL2        TQ         QT2        QC2        QI2        QS2        S2      
W3         AUP        WSKEW      TKE        TKES       TK         TKH        HLADV   
HLDIFF     HLLAT      HLRAD      QTADV      QTDIFF     QTSINK     QTSRC      QPADV   
QPDIFF     QPFALL     QPSRC      QPEVP      SHEAR      SHEARS     BUOYA      BUOYAS  
ADVTR      PRESSTR    ADVTRS     DIFTR      DISSIP     DISSIPS    WUADV      WVADV   
WUPRES     WVPRES     WUANIZ     WVANIZ     WUSHEAR    WVSHEAR    WUBUOY     WVBUOY  
WUDIFF     WVDIFF     W2ADV      W2PRES     W2REDIS    W2BUOY     W2DIFF     TWGRAD  
TWADV      TWDIFF     TWBUOY     TWPRES     TWPREC     QWGRAD     QWADV      QWDIFF  
QWBUOY     QWPRES     QWPREC     T2ADVTR    T2GRAD     T2DISSIP   T2DIFTR    T2PREC  
Q2ADVTR    Q2GRAD     Q2DISSIP   Q2DIFTR    Q2PREC     HYDRO      MCUP       MCDNS   
MCDNU      MC         CORE       CORECL     COREDN     COREDNCL   MCRUP      MCRDNS  
MCRDNU     MCR        QVTEND     QHTEND     QNUDGE     THTEND     TVTEND     TNUDGE  
WSTAR3     UADV       VADV       UDIFF      VDIFF      UNUDGE     VNUDGE     ULSADVV 
VLSADVV    USTOR      VSTOR      UTENDCOR   URESID     VTENDCOR   VRESID     HLSTOR  
QTSTOR     RADQRCLW   RADQRCSW   CLD        WCLD       UCLD       VCLD       MSECLD  
DSECLD     TLCLD      TACLD      TVCLD      TVCLDA     QTCLD      QNCLD      QPCLD   
SCLD       WCLDA      TLWCLD     TVWCLD     SWCLD      QTWCLD     QCWCLD     QIWCLD  
HFCLD      HFCLDA     UCLDA      VCLDA      UPGFCLD    VPGFCLD    WPGFCLD    UWCLD   
VWCLD      UWSBCLD    VWSBCLD    MFCLD      MFHCLD     MFHCLDA    MFTLCLD    MFTLCLDA
MFTVCLD    MFTVCLDA   MFQTCLD    MFQTCLDA   RUWCLD     RVWCLD     RWWCLD     SUP     
WSUP       USUP       VSUP       MSESUP     DSESUP     TLSUP      TASUP      TVSUP   
TVSUPA     QTSUP      QNSUP      QPSUP      SSUP       WSUPA      TLWSUP     TVWSUP  
SWSUP      QTWSUP     QCWSUP     QIWSUP     HFSUP      HFSUPA     USUPA      VSUPA   
UPGFSUP    VPGFSUP    WPGFSUP    UWSUP      VWSUP      UWSBSUP    VWSBSUP    MFSUP   
MFHSUP     MFHSUPA    MFTLSUP    MFTLSUPA   MFTVSUP    MFTVSUPA   MFQTSUP    MFQTSUPA
RUWSUP     RVWSUP     RWWSUP     SDN        WSDN       USDN       VSDN       MSESDN  
DSESDN     TLSDN      TASDN      TVSDN      TVSDNA     QTSDN      QNSDN      QPSDN   
SSDN       WSDNA      TLWSDN     TVWSDN     SWSDN      QTWSDN     QCWSDN     QIWSDN  
HFSDN      HFSDNA     USDNA      VSDNA      UPGFSDN    VPGFSDN    WPGFSDN    UWSDN   
VWSDN      UWSBSDN    VWSBSDN    MFSDN      MFHSDN     MFHSDNA    MFTLSDN    MFTLSDNA
MFTVSDN    MFTVSDNA   MFQTSDN    MFQTSDNA   RUWSDN     RVWSDN     RWWSDN     ENV     
WENV       UENV       VENV       MSEENV     DSEENV     TLENV      TAENV      TVENV   
TVENVA     QTENV      QNENV      QPENV      SENV       WENVA      TLWENV     TVWENV  
SWENV      QTWENV     QCWENV     QIWENV     HFENV      HFENVA     UENVA      VENVA   
UPGFENV    VPGFENV    WPGFENV    UWENV      VWENV      UWSBENV    VWSBENV    MFENV   
MFHENV     MFHENVA    MFTLENV    MFTLENVA   MFTVENV    MFTVENVA   MFQTENV    MFQTENVA
RUWENV     RVWENV     RWWENV     QTFLUX     QTFLUXS    QTFLUXSM   QPFLUX     QPFLUXS 
QTLSADV    QPLSADV    QC         QI         QR         QS         QG         QCCLD   
QICLD      QRCLD      QSCLD      QGCLD      QCSUP      QISUP      QRSUP      QSSUP   
QGSUP      QCSDN      QISDN      QRSDN      QSSDN      QGSDN      QCENV      QIENV   
QRENV      QSENV      QGENV   
