 number of MPI tasks:           1
           **************************************************
           **************************************************
           *                                                *
           *      *****          **       ***          **   *
           *    ***   ***       ****      ****       ****   *
           *   ***     ***     *** ***    *****     *****   *
           *    ***           ***   ***   *** **   ** ***   *
           *       ***       ***     ***  ***  ** **  ***   *
           *          ***    ***     ***  ***   ***   ***   *
           *   ***     ***   ***********  ***         ***   *
           *    ***   ***    ***     ***  ***         ***   *
           *      *****      ***     ***  ***         ***   *
           *                                                *
           **************************************************
           **************************************************
           ***       System for Atmospheric Modeling      ***
           ***                    SAM                     ***
                     Version 6.11.1  (Mar 2017)  
           **************************************************
           ***     (C) Marat Khairoutdinov                ***
           *** School of Marine and Atmospheric Sciences  ***
           ***       Stony Brook University               ***
           **************************************************
           ***       The model can be used only with      ***
           ***         permission from the author!        ***
           ***       No transfer to any third party       ***
           ***                is allowed!                 ***
           **************************************************
           **************************************************
           ***       DATE 06/22/18 TIME 12:08:31          ***
           **************************************************

 ****************************************************
 ****** No MICRO_M2005 namelist in prm file *********
 ****************************************************
 Reading restart file ...
 Case:MPDATAxTKExCAMxM2005_4000x4000x15_240x1x32_RCE                                  
 Restarting at step:        5760
 Time(s):   86400.0000    
 Smagorinsky SGS Closure
 Initializeing forcing data...
 sounding data: nsnd=           3   nzsnd=          64
 Observed sounding interval (days):   0.00000000       2000.00000    

 Case: RCE
 Caseid: MPDATAxTKExCAMxM2005_4000x4000x15_240x1x32_RCE
 Restart. nrestart=           1
 Day:   1.00000000    
 Model type: CEM
 Finish at timestep:        6000
 Finish on day:   1.04166663    

 Statistics file ouput frequency:           40  steps
 Statistics file sampling: every           20  steps
 printouts frequency:          40  steps
 Adams-Bashforth scheme order:           3

 Global Grid:         240           1          32
 Local Grid:         240           1          32
 Grid spacing (m) dx, dy, dz:   4000.00000       4000.00000       50.0000000    
 Domain dimensions (m):   960000.000       4000.00000       8581.86816    
 dowallx= F
 dowally= F

 Timestep (sec):   15.0000000    
 domain translation velocities ug, vg:   0.00000000       0.00000000    

 do column model F
 do convective parameterization F
 do spange damping at the domain top:  T
 maintain grad. of scalars at the top: F
 clouds are allowed: T
 precipitation is allowed: T
 smoke cloud F
 SGS scheme is on: T
 larger-scale subsidence is on: F
 larger-scale tendency is on: F
 coriolis force is allowed: F
 vertical coriolis force is allowed: F
 longwave radiation: T
 shortwave radiation: T
 do seasonal solar cycle: F
 do perpetual sun: T
 compute effective radius for liquid: T
 compute effective radius for ice: T
 doradsimple =  F
 doradhomo = F
 dosolarconstant =  F
 solar_constant =    685.000000    
 zenith_angle =    51.7000008    
 doradlon =  F
 doradlat =  F
 Latitude0:   0.00000000    
 Longitude0:   0.00000000    
 rundatadir = ./RUNDATA
 factor to change present CO2 concentration: nxco2=   1.00000000    
 surface flux parameterization is on: T
 Surface type: OCEAN
  sensible heat flux prescribed: F
  latent heat flux prescribed: F
  surface stress prescribed: F
 dosfchomo =  F
 doisccp =  F
 domodis =  F
 domisr =  F
 dosimfilesout= F
 dodynamicocean = F
 SLM= F
 doseawater= F
 salt_factor (satur. correction for salty water)=   1.00000000    
 dotracers = F
 output_sep = F
 perturb_type =            0
 doSAMconditionals = F
 dosatupdnconditionals = F
 doscamiopdata = F
 iopfile:
 dozero_out_day0 = F
 nsave2D =           40
 nsave2Dstart =            0
 nsave2Dend =    999999999
 save2Dbin =  F
 nsave3D =           40
 nsave3Dstart =            0
 nsave3Dend =    999999999
 save3Dbin =  F
 qnsave3D =    0.00000000    
 docolumn =  F
 doensemble =  F
 nensemble =            0
 nstatmom =            1
 nstatmomstart =    999999999
 nstatmomend =    999999999
 savemombin =  F
 nmovie =           60
 nmoviestart =            0
 nmovieend =        25920
 Added          109  arrays to statistics for M2005 microphysics
 Number of statistics profiles:         332
 Statistics profiles to save:
PRES       U          V          UOBS       VOBS       WOBS       RHO        MSE     
DSE        SSE        THETAE     THETA      THETAV     THETAL     TABS       TABSOBS 
TL         QT         QV         QVOBS      TTEND      QTEND      QCL        QCI     
QPL        QPI        QN         QP         QNFR       FRACT      QSAT       QCOND   
PRECIP     RELH       TLFLUX     TLFLUXS    TVFLUX     QCFLUX     QIFLUX     SW      
SWSB       UW         UWSB       VW         VWSB       RADLWUP    RADLWDN    RADSWUP 
RADSWDN    RADQRLW    RADQRSW    RADQR      RADQRS     RADQRC     Q1C        Q1CC    
Q1CS       Q1LS       Q2         Q2C        Q2S        Q2LS       U2         V2      
W2         TL2        TQ         QT2        QC2        QI2        QS2        S2      
W3         AUP        WSKEW      TKE        TKES       TK         TKH        HLADV   
HLDIFF     HLLAT      HLRAD      QTADV      QTDIFF     QTSINK     QTSRC      QPADV   
QPDIFF     QPFALL     QPSRC      QPEVP      SHEAR      SHEARS     BUOYA      BUOYAS  
ADVTR      PRESSTR    ADVTRS     DIFTR      DISSIP     DISSIPS    WUADV      WVADV   
WUPRES     WVPRES     WUANIZ     WVANIZ     WUSHEAR    WVSHEAR    WUBUOY     WVBUOY  
WUDIFF     WVDIFF     W2ADV      W2PRES     W2REDIS    W2BUOY     W2DIFF     TWGRAD  
TWADV      TWDIFF     TWBUOY     TWPRES     TWPREC     QWGRAD     QWADV      QWDIFF  
QWBUOY     QWPRES     QWPREC     T2ADVTR    T2GRAD     T2DISSIP   T2DIFTR    T2PREC  
Q2ADVTR    Q2GRAD     Q2DISSIP   Q2DIFTR    Q2PREC     HYDRO      MCUP       MCDNS   
MCDNU      MC         CORE       CORECL     COREDN     COREDNCL   MCRUP      MCRDNS  
MCRDNU     MCR        QVTEND     QHTEND     QNUDGE     THTEND     TVTEND     TNUDGE  
WSTAR3     UADV       VADV       UDIFF      VDIFF      UNUDGE     VNUDGE     ULSADVV 
VLSADVV    USTOR      VSTOR      UTENDCOR   URESID     VTENDCOR   VRESID     HLSTOR  
QTSTOR     RADQRCLW   RADQRCSW   CLD        WCLD       UCLD       VCLD       MSECLD  
DSECLD     TLCLD      TACLD      TVCLD      TVCLDA     QTCLD      QNCLD      QPCLD   
SCLD       WCLDA      TLWCLD     TVWCLD     SWCLD      QTWCLD     QCWCLD     QIWCLD  
HFCLD      HFCLDA     UCLDA      VCLDA      UPGFCLD    VPGFCLD    WPGFCLD    UWCLD   
VWCLD      UWSBCLD    VWSBCLD    MFCLD      MFHCLD     MFHCLDA    MFTLCLD    MFTLCLDA
MFTVCLD    MFTVCLDA   MFQTCLD    MFQTCLDA   RUWCLD     RVWCLD     RWWCLD     QTFLUX  
QTO        QTO2       QTOADV     QTODIFF    QTOLSADV   QTOMPHY    QTOSED     QTOFLXR 
QTOFLXS    QTOSDFLX   QR         QRADV      QRDIFF     QRLSADV    QRMPHY     QRSED   
QRFLXR     QRFLXS     QRSDFLX    QRFRAC     TAUQR      QROEFFR    NR         NRADV   
NRDIFF     NRLSADV    NRMPHY     NRSED      NRFLXR     NRFLXS     NRSDFLX    QI      
QIADV      QIDIFF     QILSADV    QIMPHY     QISED      QIFLXR     QIFLXS     QISDFLX 
QIFRAC     TAUQI      QIOEFFR    NI         NIADV      NIDIFF     NILSADV    NIMPHY  
NISED      NIFLXR     NIFLXS     NISDFLX    QS         QSADV      QSDIFF     QSLSADV 
QSMPHY     QSSED      QSFLXR     QSFLXS     QSSDFLX    QSFRAC     TAUQS      QSOEFFR 
NS         NSADV      NSDIFF     NSLSADV    NSMPHY     NSSED      NSFLXR     NSFLXS  
NSSDFLX    QG         QGADV      QGDIFF     QGLSADV    QGMPHY     QGSED      QGFLXR  
QGFLXS     QGSDFLX    QGFRAC     TAUQG      QGOEFFR    NG         NGADV      NGDIFF  
NGLSADV    NGMPHY     NGSED      NGFLXR     NGFLXS     NGSDFLX    QC         TAUQC   
QCOEFFR    QVCLD      QCCLD      QTOCLD     QRCLD      NRCLD      QICLD      NICLD   
QSCLD      NSCLD      QGCLD      NGCLD   
NSTEP =    5760 NCYCLE= 0 CFL=0.000 CFLH=0.000 CFLZ=0.000 CFL_sgs=0.000
 DAY =    1.00000000    
 NSTEP=        5760
 div:   1.30065018E-07  -1.58004696E-07
 SST=   300.00000000000000     
 surface pressure=   1006.90997    
 u:  -6.13668203       9.82863235    
 v:   0.00000000       0.00000000    
 w: -0.801710963       1.07079077    
 p:  -66.9941177       149.495056    
 t:   297.347504       331.947540    
 tabs:   240.606873       299.053558    
 qv:   3.11076496E-04   1.76971946E-02
 tke:   0.00000000       1.96564233    
 tk:   0.00000000       66.4530258    
 tkh:   0.00000000       66.4530258    
 qcl:   0.00000000       2.37288768E-03
 qci:   0.00000000       2.66513052E-05
 QTO:   3.11076496E-04   1.76971946E-02
 QR:   0.00000000       8.74475518E-05
 NR:   0.00000000       1017.97772    
 QI:   0.00000000       2.66513052E-05
 NI:   0.00000000       105945.344    
 QS:   0.00000000       4.94912267E-04
 NS:   0.00000000       14525.7119    
 QG:   0.00000000       8.34635430E-05
 NG:   0.00000000       3239.10205    
 qpl:   0.00000000       8.74475518E-05
 qpi:   0.00000000       4.97753790E-04
 qrad(K/day):   0.00000000       0.00000000    
 shf:   0.00000000       0.00000000    
 lhf:   0.00000000       0.00000000    
 uw:   0.00000000       0.00000000    
 vw:   0.00000000       0.00000000    
 sst:   300.000000       300.000000    
 precinst (mm/h):   0.00000000       0.00000000    
 total water budget:
 before (mm):         40.30538393016
 after (mm):          40.30538393016
 evaporation (mm):     0.00000000000
 precipitation (mm):   0.00000000000
 large-scale (mm):     0.00000000000
 Imbalance (mm)       0.00000000000
  imbalance (rel error):   0.0000000000000000     
 evap (mm/day):   0.0000000000000000     
 prec (mm/day):   0.0000000000000000     
 ls (mm/day):   0.0000000000000000     
 imbalance (mm/day)   0.0000000000000000     
  _______________________________________________________
  _______ initializing aerosol optical properties _______
  _______________________________________________________
  aer_optics_initialize : nrh_opac =   8
  aer_optics_initialize : nbnd =  19
  _______ hygroscopic growth in visible band _______
  SO4
     rh    ext (m^2 g-1)      ssa      asm
  0.000            5.581    1.000    0.650
  0.801           13.614    1.000    0.742
  0.836           16.185    1.000    0.750
  0.858           17.971    1.000    0.755
  0.873           19.389    1.000    0.759
  0.885           20.585    1.000    0.762
  0.896           21.630    1.000    0.764
  0.904           23.093    1.000    0.766
  0.912           24.959    1.000    0.769
  0.919           26.745    1.000    0.771
  0.925           28.462    1.000    0.772
  0.930           30.121    1.000    0.774
  0.935           31.730    1.000    0.775
  0.940           33.293    1.000    0.777
  0.944           34.817    1.000    0.778
  0.948           36.305    1.000    0.779
  0.952           38.717    1.000    0.781
  0.956           41.820    1.000    0.782
  0.959           44.986    1.000    0.783
  0.963           48.213    1.000    0.784
  0.966           51.498    1.000    0.785
  0.969           54.841    1.000    0.786
  0.971           58.241    1.000    0.787
  0.974           61.695    1.000    0.788
  0.977           65.207    1.000    0.789
  0.979           68.771    1.000    0.789
  0.982           75.009    1.000    0.790
  0.984           82.961    1.000    0.791
  0.986           91.458    1.000    0.791
  0.988          100.506    1.000    0.791
  0.990          110.113    1.000    0.792
  0.992          120.296    1.000    0.792
  0.994          131.074    1.000    0.793
  0.996          142.463    1.000    0.793
  0.998          154.473    1.000    0.794
  1.000          166.810    1.000    0.794
  SSLT
     rh    ext (m^2 g-1)      ssa      asm
  0.000            0.395    1.000    0.752
  0.801            1.495    1.000    0.825
  0.836            1.689    1.000    0.828
  0.858            1.818    1.000    0.829
  0.873            1.918    1.000    0.831
  0.885            2.000    1.000    0.831
  0.896            2.072    1.000    0.832
  0.904            2.173    1.000    0.833
  0.912            2.303    1.000    0.834
  0.919            2.425    1.000    0.835
  0.925            2.540    1.000    0.836
  0.930            2.650    1.000    0.836
  0.935            2.755    1.000    0.837
  0.940            2.856    1.000    0.838
  0.944            2.953    1.000    0.838
  0.948            3.047    1.000    0.839
  0.952            3.215    1.000    0.839
  0.956            3.436    1.000    0.840
  0.959            3.660    1.000    0.841
  0.963            3.885    1.000    0.841
  0.966            4.113    1.000    0.842
  0.969            4.343    1.000    0.842
  0.971            4.575    1.000    0.843
  0.974            4.808    1.000    0.843
  0.977            5.044    1.000    0.844
  0.979            5.281    1.000    0.844
  0.982            5.740    1.000    0.845
  0.984            6.339    1.000    0.846
  0.986            6.977    1.000    0.847
  0.988            7.656    1.000    0.848
  0.990            8.376    1.000    0.849
  0.992            9.138    1.000    0.849
  0.994            9.943    1.000    0.850
  0.996           10.793    1.000    0.851
  0.998           11.688    1.000    0.852
  1.000           12.607    1.000    0.852
  OCPHI
     rh    ext (m^2 g-1)      ssa      asm
  0.000            3.421    0.965    0.621
  0.801            8.298    0.986    0.710
  0.836            9.396    0.987    0.717
  0.858           10.130    0.988    0.722
  0.873           10.698    0.989    0.725
  0.885           11.168    0.989    0.727
  0.896           11.573    0.990    0.729
  0.904           12.145    0.990    0.732
  0.912           12.870    0.991    0.734
  0.919           13.551    0.991    0.737
  0.925           14.195    0.991    0.739
  0.930           14.808    0.992    0.741
  0.935           15.394    0.992    0.742
  0.940           15.956    0.992    0.744
  0.944           16.498    0.993    0.745
  0.948           17.022    0.993    0.747
  0.952           17.884    0.993    0.749
  0.956           18.985    0.994    0.751
  0.959           20.091    0.994    0.752
  0.963           21.200    0.994    0.754
  0.966           22.312    0.994    0.756
  0.969           23.427    0.995    0.758
  0.971           24.546    0.995    0.759
  0.974           25.667    0.995    0.761
  0.977           26.793    0.995    0.762
  0.979           27.922    0.996    0.764
  0.982           29.780    0.996    0.765
  0.984           32.068    0.996    0.767
  0.986           34.448    0.996    0.769
  0.988           36.918    0.997    0.771
  0.990           39.477    0.997    0.773
  0.992           42.126    0.997    0.774
  0.994           44.865    0.997    0.776
  0.996           47.696    0.998    0.777
  0.998           50.617    0.998    0.779
  1.000           53.574    0.998    0.781
 CEM.trace: number of levels=         281
 gas traces vertical profiles (g/g):
   z    o3   n2o   ch4   cfc11   cfc12
   25.00      0.4813E-07   0.000       0.000       0.000       0.000    
   75.00      0.4838E-07   0.000       0.000       0.000       0.000    
   127.8      0.4864E-07   0.000       0.000       0.000       0.000    
   186.7      0.4893E-07   0.000       0.000       0.000       0.000    
   252.3      0.4926E-07   0.000       0.000       0.000       0.000    
   325.3      0.4963E-07   0.000       0.000       0.000       0.000    
   406.7      0.5003E-07   0.000       0.000       0.000       0.000    
   497.3      0.5049E-07   0.000       0.000       0.000       0.000    
   598.3      0.5099E-07   0.000       0.000       0.000       0.000    
   710.8      0.5155E-07   0.000       0.000       0.000       0.000    
   836.0      0.5218E-07   0.000       0.000       0.000       0.000    
   975.6      0.5288E-07   0.000       0.000       0.000       0.000    
   1131.      0.5339E-07   0.000       0.000       0.000       0.000    
   1304.      0.5391E-07   0.000       0.000       0.000       0.000    
   1497.      0.5449E-07   0.000       0.000       0.000       0.000    
   1712.      0.5514E-07   0.000       0.000       0.000       0.000    
   1951.      0.5585E-07   0.000       0.000       0.000       0.000    
   2218.      0.5644E-07   0.000       0.000       0.000       0.000    
   2515.      0.5703E-07   0.000       0.000       0.000       0.000    
   2846.      0.5769E-07   0.000       0.000       0.000       0.000    
   3214.      0.5821E-07   0.000       0.000       0.000       0.000    
   3625.      0.5862E-07   0.000       0.000       0.000       0.000    
   4082.      0.5933E-07   0.000       0.000       0.000       0.000    
   4582.      0.6133E-07   0.000       0.000       0.000       0.000    
   5082.      0.6325E-07   0.000       0.000       0.000       0.000    
   5582.      0.6475E-07   0.000       0.000       0.000       0.000    
   6082.      0.6633E-07   0.000       0.000       0.000       0.000    
   6582.      0.6833E-07   0.000       0.000       0.000       0.000    
   7082.      0.7033E-07   0.000       0.000       0.000       0.000    
   7582.      0.7233E-07   0.000       0.000       0.000       0.000    
   8082.      0.7474E-07   0.000       0.000       0.000       0.000    
   8582.      0.7924E-07   0.000       0.000       0.000       0.000    
 done...
 Reading radiation restart file...
 Case:MPDATAxTKExCAMxM2005_4000x4000x15_240x1x32_RCE                                  
 Restart radiation at step:        5761
 Time:   86415.0000    
 radiation: perpetual sun, solin=   413.806915    
NSTEP =    5761 NCYCLE= 1 CFL=0.112 CFLH=0.037 CFLZ=0.112 CFL_sgs=0.013
 Collecting statistics...
NSTEP =    5762 NCYCLE= 1 CFL=0.110 CFLH=0.037 CFLZ=0.110 CFL_sgs=0.013
NSTEP =    5763 NCYCLE= 1 CFL=0.109 CFLH=0.037 CFLZ=0.109 CFL_sgs=0.013
 Collecting statistics...
NSTEP =    5764 NCYCLE= 1 CFL=0.107 CFLH=0.037 CFLZ=0.107 CFL_sgs=0.013
NSTEP =    5765 NCYCLE= 1 CFL=0.105 CFLH=0.037 CFLZ=0.105 CFL_sgs=0.013
 Collecting statistics...
NSTEP =    5766 NCYCLE= 1 CFL=0.103 CFLH=0.037 CFLZ=0.103 CFL_sgs=0.013
NSTEP =    5767 NCYCLE= 1 CFL=0.101 CFLH=0.037 CFLZ=0.101 CFL_sgs=0.013
 Collecting statistics...
NSTEP =    5768 NCYCLE= 1 CFL=0.098 CFLH=0.036 CFLZ=0.098 CFL_sgs=0.013
NSTEP =    5769 NCYCLE= 1 CFL=0.096 CFLH=0.036 CFLZ=0.096 CFL_sgs=0.013
 Collecting statistics...
NSTEP =    5770 NCYCLE= 1 CFL=0.093 CFLH=0.036 CFLZ=0.093 CFL_sgs=0.013
NSTEP =    5771 NCYCLE= 1 CFL=0.091 CFLH=0.036 CFLZ=0.091 CFL_sgs=0.013
 Collecting statistics...
NSTEP =    5772 NCYCLE= 1 CFL=0.088 CFLH=0.036 CFLZ=0.088 CFL_sgs=0.013
NSTEP =    5773 NCYCLE= 1 CFL=0.085 CFLH=0.036 CFLZ=0.085 CFL_sgs=0.013
 Collecting statistics...
NSTEP =    5774 NCYCLE= 1 CFL=0.083 CFLH=0.036 CFLZ=0.083 CFL_sgs=0.013
NSTEP =    5775 NCYCLE= 1 CFL=0.083 CFLH=0.036 CFLZ=0.083 CFL_sgs=0.013
 Collecting statistics...
NSTEP =    5776 NCYCLE= 1 CFL=0.083 CFLH=0.036 CFLZ=0.083 CFL_sgs=0.013
NSTEP =    5777 NCYCLE= 1 CFL=0.083 CFLH=0.036 CFLZ=0.083 CFL_sgs=0.013
 Collecting statistics...
NSTEP =    5778 NCYCLE= 1 CFL=0.083 CFLH=0.036 CFLZ=0.083 CFL_sgs=0.013
NSTEP =    5779 NCYCLE= 1 CFL=0.083 CFLH=0.036 CFLZ=0.083 CFL_sgs=0.013
 Collecting statistics...
NSTEP =    5780 NCYCLE= 1 CFL=0.083 CFLH=0.036 CFLZ=0.082 CFL_sgs=0.013
NSTEP =    5781 NCYCLE= 1 CFL=0.083 CFLH=0.036 CFLZ=0.082 CFL_sgs=0.013
 Collecting statistics...
NSTEP =    5782 NCYCLE= 1 CFL=0.082 CFLH=0.035 CFLZ=0.082 CFL_sgs=0.013
NSTEP =    5783 NCYCLE= 1 CFL=0.082 CFLH=0.035 CFLZ=0.082 CFL_sgs=0.013
 Collecting statistics...
NSTEP =    5784 NCYCLE= 1 CFL=0.082 CFLH=0.035 CFLZ=0.082 CFL_sgs=0.014
NSTEP =    5785 NCYCLE= 1 CFL=0.082 CFLH=0.035 CFLZ=0.082 CFL_sgs=0.014
 Collecting statistics...
NSTEP =    5786 NCYCLE= 1 CFL=0.082 CFLH=0.035 CFLZ=0.082 CFL_sgs=0.014
NSTEP =    5787 NCYCLE= 1 CFL=0.083 CFLH=0.035 CFLZ=0.083 CFL_sgs=0.014
 Collecting statistics...
NSTEP =    5788 NCYCLE= 1 CFL=0.083 CFLH=0.035 CFLZ=0.083 CFL_sgs=0.014
NSTEP =    5789 NCYCLE= 1 CFL=0.083 CFLH=0.035 CFLZ=0.083 CFL_sgs=0.014
 Collecting statistics...
NSTEP =    5790 NCYCLE= 1 CFL=0.083 CFLH=0.035 CFLZ=0.083 CFL_sgs=0.014
 radiation: perpetual sun, solin=   413.806915    
NSTEP =    5791 NCYCLE= 1 CFL=0.083 CFLH=0.035 CFLZ=0.083 CFL_sgs=0.014
 Collecting statistics...
NSTEP =    5792 NCYCLE= 1 CFL=0.083 CFLH=0.035 CFLZ=0.083 CFL_sgs=0.014
NSTEP =    5793 NCYCLE= 1 CFL=0.083 CFLH=0.035 CFLZ=0.083 CFL_sgs=0.014
 Collecting statistics...
NSTEP =    5794 NCYCLE= 1 CFL=0.083 CFLH=0.035 CFLZ=0.083 CFL_sgs=0.014
NSTEP =    5795 NCYCLE= 1 CFL=0.083 CFLH=0.035 CFLZ=0.083 CFL_sgs=0.014
 Collecting statistics...
NSTEP =    5796 NCYCLE= 1 CFL=0.083 CFLH=0.035 CFLZ=0.083 CFL_sgs=0.014
NSTEP =    5797 NCYCLE= 1 CFL=0.083 CFLH=0.035 CFLZ=0.083 CFL_sgs=0.014
 Collecting statistics...
NSTEP =    5798 NCYCLE= 1 CFL=0.082 CFLH=0.035 CFLZ=0.082 CFL_sgs=0.014
NSTEP =    5799 NCYCLE= 1 CFL=0.083 CFLH=0.035 CFLZ=0.082 CFL_sgs=0.014
 Collecting statistics...
 Writting radiation restart file...
 Saved radiation restart file. nstep=        5800
 Writting statistics:nstatsteps=          20
 Writting history file MPDATAxTKExCAMxM2005_4000x4000x15_240x1x32_RCE                                  
 Writing restart file ...
 Restart file was saved. nstep=        5800
 Writting 2D data. file:./OUT_2D/RCE_MPDATAxTKExCAMxM2005_4000x4000x15_240x1x32_RCE_1.2Dcom                                                     
 Appending 3D data. file:./OUT_3D/RCE_MPDATAxTKExCAMxM2005_4000x4000x15_240x1x32_RCE_1.com2D                                                     
NSTEP =    5800 NCYCLE= 1 CFL=0.083 CFLH=0.034 CFLZ=0.083 CFL_sgs=0.014
 DAY =    1.00694442    
 NSTEP=        5800
 div:   1.30268745E-07  -1.66939571E-07
 SST=   300.00000000000000     
 surface pressure=   1006.90997    
 u:  -6.63745642       9.18700123    
 v:   0.00000000       0.00000000    
 w:  -1.06031215      0.855301321    
 p:  -64.3520889       146.619797    
 t:   297.367737       331.910675    
 tabs:   240.613525       299.052094    
 qv:   3.11076496E-04   1.76765751E-02
 tke:   0.00000000       1.38116002    
 tk:   0.00000000       56.9312820    
 tkh:   0.00000000       56.9312820    
 qcl:   0.00000000       2.13595480E-03
 qci:   0.00000000       2.75715174E-05
 QTO:   3.11076496E-04   1.76765751E-02
 QR:   0.00000000       8.25785828E-05
 NR:   0.00000000       630.044922    
 QI:   0.00000000       2.75715174E-05
 NI:   0.00000000       87526.5859    
 QS:   0.00000000       4.27517341E-04
 NS:   0.00000000       14576.0430    
 QG:   0.00000000       4.61339187E-05
 NG:   0.00000000       1155.26038    
 qpl:   0.00000000       8.25785828E-05
 qpi:   0.00000000       4.28971602E-04
 qrad(K/day):  -44.0299873       11.4220791    
 shf:   2.16685557       18.7045078    
 lhf:   44.1441994       190.857605    
 uw:  -5.37701920E-02   2.03795023E-02
 vw:  -0.00000000      -0.00000000    
 sst:   300.000000       300.000000    
 precinst (mm/h):   0.00000000       0.00000000    
 total water budget:
 before (mm):         40.32067452355
 after (mm):          40.32107220533
 evaporation (mm):     0.00044106902
 precipitation (mm):   0.00004335974
 large-scale (mm):     0.00000000000
 Imbalance (mm)      -0.00000002751
  imbalance (rel error):  -6.8218535909826271E-010
 evap (mm/day):   2.5405575760669308     
 prec (mm/day):  0.24975210263846748     
 ls (mm/day):   0.0000000000000000     
 imbalance (mm/day)  -1.5843711707928896E-004
CPU TIME =       0.6159 OVER     0.17 MODEL HOURS
NSTEP =    5801 NCYCLE= 1 CFL=0.084 CFLH=0.034 CFLZ=0.083 CFL_sgs=0.014
 Collecting statistics...
NSTEP =    5802 NCYCLE= 1 CFL=0.084 CFLH=0.034 CFLZ=0.084 CFL_sgs=0.014
NSTEP =    5803 NCYCLE= 1 CFL=0.085 CFLH=0.034 CFLZ=0.084 CFL_sgs=0.014
 Collecting statistics...
NSTEP =    5804 NCYCLE= 1 CFL=0.085 CFLH=0.034 CFLZ=0.085 CFL_sgs=0.014
NSTEP =    5805 NCYCLE= 1 CFL=0.086 CFLH=0.034 CFLZ=0.086 CFL_sgs=0.014
 Collecting statistics...
NSTEP =    5806 NCYCLE= 1 CFL=0.087 CFLH=0.034 CFLZ=0.087 CFL_sgs=0.014
NSTEP =    5807 NCYCLE= 1 CFL=0.087 CFLH=0.034 CFLZ=0.087 CFL_sgs=0.014
 Collecting statistics...
NSTEP =    5808 NCYCLE= 1 CFL=0.088 CFLH=0.034 CFLZ=0.088 CFL_sgs=0.014
NSTEP =    5809 NCYCLE= 1 CFL=0.089 CFLH=0.034 CFLZ=0.089 CFL_sgs=0.014
 Collecting statistics...
NSTEP =    5810 NCYCLE= 1 CFL=0.090 CFLH=0.034 CFLZ=0.090 CFL_sgs=0.014
NSTEP =    5811 NCYCLE= 1 CFL=0.091 CFLH=0.034 CFLZ=0.091 CFL_sgs=0.014
 Collecting statistics...
NSTEP =    5812 NCYCLE= 1 CFL=0.092 CFLH=0.034 CFLZ=0.092 CFL_sgs=0.014
NSTEP =    5813 NCYCLE= 1 CFL=0.093 CFLH=0.034 CFLZ=0.093 CFL_sgs=0.014
 Collecting statistics...
NSTEP =    5814 NCYCLE= 1 CFL=0.093 CFLH=0.034 CFLZ=0.093 CFL_sgs=0.014
NSTEP =    5815 NCYCLE= 1 CFL=0.094 CFLH=0.034 CFLZ=0.094 CFL_sgs=0.015
 Collecting statistics...
NSTEP =    5816 NCYCLE= 1 CFL=0.095 CFLH=0.034 CFLZ=0.095 CFL_sgs=0.015
NSTEP =    5817 NCYCLE= 1 CFL=0.096 CFLH=0.034 CFLZ=0.096 CFL_sgs=0.015
 Collecting statistics...
NSTEP =    5818 NCYCLE= 1 CFL=0.097 CFLH=0.034 CFLZ=0.096 CFL_sgs=0.015
NSTEP =    5819 NCYCLE= 1 CFL=0.097 CFLH=0.034 CFLZ=0.097 CFL_sgs=0.015
 Collecting statistics...
 appending OUT_MOVIES/*.raw files. nstep=        5820
NSTEP =    5820 NCYCLE= 1 CFL=0.098 CFLH=0.034 CFLZ=0.098 CFL_sgs=0.015
 radiation: perpetual sun, solin=   413.806915    
NSTEP =    5821 NCYCLE= 1 CFL=0.099 CFLH=0.034 CFLZ=0.099 CFL_sgs=0.015
 Collecting statistics...
NSTEP =    5822 NCYCLE= 1 CFL=0.100 CFLH=0.034 CFLZ=0.099 CFL_sgs=0.015
NSTEP =    5823 NCYCLE= 1 CFL=0.100 CFLH=0.034 CFLZ=0.100 CFL_sgs=0.015
 Collecting statistics...
NSTEP =    5824 NCYCLE= 1 CFL=0.101 CFLH=0.034 CFLZ=0.101 CFL_sgs=0.015
NSTEP =    5825 NCYCLE= 1 CFL=0.102 CFLH=0.034 CFLZ=0.101 CFL_sgs=0.015
 Collecting statistics...
NSTEP =    5826 NCYCLE= 1 CFL=0.102 CFLH=0.034 CFLZ=0.102 CFL_sgs=0.015
NSTEP =    5827 NCYCLE= 1 CFL=0.103 CFLH=0.034 CFLZ=0.102 CFL_sgs=0.015
 Collecting statistics...
NSTEP =    5828 NCYCLE= 1 CFL=0.103 CFLH=0.033 CFLZ=0.103 CFL_sgs=0.015
NSTEP =    5829 NCYCLE= 1 CFL=0.104 CFLH=0.033 CFLZ=0.104 CFL_sgs=0.015
 Collecting statistics...
NSTEP =    5830 NCYCLE= 1 CFL=0.105 CFLH=0.033 CFLZ=0.105 CFL_sgs=0.015
NSTEP =    5831 NCYCLE= 1 CFL=0.106 CFLH=0.033 CFLZ=0.106 CFL_sgs=0.015
 Collecting statistics...
NSTEP =    5832 NCYCLE= 1 CFL=0.107 CFLH=0.033 CFLZ=0.107 CFL_sgs=0.015
NSTEP =    5833 NCYCLE= 1 CFL=0.108 CFLH=0.033 CFLZ=0.108 CFL_sgs=0.015
 Collecting statistics...
NSTEP =    5834 NCYCLE= 1 CFL=0.110 CFLH=0.033 CFLZ=0.110 CFL_sgs=0.015
NSTEP =    5835 NCYCLE= 1 CFL=0.111 CFLH=0.033 CFLZ=0.111 CFL_sgs=0.015
 Collecting statistics...
NSTEP =    5836 NCYCLE= 1 CFL=0.112 CFLH=0.033 CFLZ=0.112 CFL_sgs=0.015
NSTEP =    5837 NCYCLE= 1 CFL=0.113 CFLH=0.033 CFLZ=0.113 CFL_sgs=0.015
 Collecting statistics...
NSTEP =    5838 NCYCLE= 1 CFL=0.114 CFLH=0.033 CFLZ=0.114 CFL_sgs=0.015
NSTEP =    5839 NCYCLE= 1 CFL=0.115 CFLH=0.033 CFLZ=0.115 CFL_sgs=0.015
 Collecting statistics...
 Writting radiation restart file...
 Saved radiation restart file. nstep=        5840
 Writting statistics:nstatsteps=          20
 Writting history file MPDATAxTKExCAMxM2005_4000x4000x15_240x1x32_RCE                                  
 Writing restart file ...
 Restart file was saved. nstep=        5840
 Writting 2D data. file:./OUT_2D/RCE_MPDATAxTKExCAMxM2005_4000x4000x15_240x1x32_RCE_1.2Dcom                                                     
 Appending 3D data. file:./OUT_3D/RCE_MPDATAxTKExCAMxM2005_4000x4000x15_240x1x32_RCE_1.com2D                                                     
NSTEP =    5840 NCYCLE= 1 CFL=0.116 CFLH=0.033 CFLZ=0.116 CFL_sgs=0.015
 DAY =    1.01388884    
 NSTEP=        5840
 div:   1.32567948E-07  -1.63861841E-07
 SST=   300.00000000000000     
 surface pressure=   1006.90997    
 u:  -6.83034182       8.73646450    
 v:   0.00000000       0.00000000    
 w: -0.734599054       1.51086974    
 p:  -64.7972946       144.204575    
 t:   297.388916       331.874115    
 tabs:   240.613403       299.042725    
 qv:   3.11076496E-04   1.74839031E-02
 tke:   0.00000000       1.08092856    
 tk:   0.00000000       40.4937134    
 tkh:   0.00000000       40.4937134    
 qcl:   0.00000000       2.91255000E-03
 qci:   0.00000000       2.61417244E-05
 QTO:   3.11076496E-04   1.74839031E-02
 QR:   0.00000000       8.19667912E-05
 NR:   0.00000000       550.837585    
 QI:   0.00000000       2.61417244E-05
 NI:   0.00000000       81065.5469    
 QS:   0.00000000       4.08523483E-04
 NS:   0.00000000       14286.9727    
 QG:   0.00000000       3.92446527E-05
 NG:   0.00000000       692.071838    
 qpl:   0.00000000       8.19667912E-05
 qpi:   0.00000000       4.23181948E-04
 qrad(K/day):  -47.3303604       12.5392866    
 shf:   2.19703293       13.8894529    
 lhf:   44.4871674       179.852264    
 uw:  -4.73716334E-02   1.92782059E-02
 vw:  -0.00000000      -0.00000000    
 sst:   300.000000       300.000000    
 precinst (mm/h):   0.00000000       0.00000000    
 total water budget:
 before (mm):         40.33675009311
 after (mm):          40.33715490257
 evaporation (mm):     0.00044049988
 precipitation (mm):   0.00003567126
 large-scale (mm):     0.00000000000
 Imbalance (mm)      -0.00000001916
  imbalance (rel error):  -4.7492545513108523E-010
 evap (mm/day):   2.5372793112765066     
 prec (mm/day):  0.20546647992432551     
 ls (mm/day):   0.0000000000000000     
 imbalance (mm/day)  -1.1034510316675678E-004
CPU TIME =       0.5597 OVER     0.17 MODEL HOURS
NSTEP =    5841 NCYCLE= 1 CFL=0.116 CFLH=0.033 CFLZ=0.116 CFL_sgs=0.015
 Collecting statistics...
NSTEP =    5842 NCYCLE= 1 CFL=0.117 CFLH=0.033 CFLZ=0.117 CFL_sgs=0.015
NSTEP =    5843 NCYCLE= 1 CFL=0.118 CFLH=0.033 CFLZ=0.118 CFL_sgs=0.015
 Collecting statistics...
NSTEP =    5844 NCYCLE= 1 CFL=0.119 CFLH=0.033 CFLZ=0.119 CFL_sgs=0.015
NSTEP =    5845 NCYCLE= 1 CFL=0.120 CFLH=0.032 CFLZ=0.120 CFL_sgs=0.015
 Collecting statistics...
NSTEP =    5846 NCYCLE= 1 CFL=0.121 CFLH=0.032 CFLZ=0.121 CFL_sgs=0.015
NSTEP =    5847 NCYCLE= 1 CFL=0.122 CFLH=0.032 CFLZ=0.122 CFL_sgs=0.015
 Collecting statistics...
NSTEP =    5848 NCYCLE= 1 CFL=0.123 CFLH=0.032 CFLZ=0.123 CFL_sgs=0.015
NSTEP =    5849 NCYCLE= 1 CFL=0.124 CFLH=0.032 CFLZ=0.124 CFL_sgs=0.015
 Collecting statistics...
NSTEP =    5850 NCYCLE= 1 CFL=0.126 CFLH=0.032 CFLZ=0.126 CFL_sgs=0.015
 radiation: perpetual sun, solin=   413.806915    
NSTEP =    5851 NCYCLE= 1 CFL=0.127 CFLH=0.032 CFLZ=0.127 CFL_sgs=0.015
 Collecting statistics...
NSTEP =    5852 NCYCLE= 1 CFL=0.128 CFLH=0.032 CFLZ=0.128 CFL_sgs=0.015
NSTEP =    5853 NCYCLE= 1 CFL=0.130 CFLH=0.032 CFLZ=0.130 CFL_sgs=0.015
 Collecting statistics...
NSTEP =    5854 NCYCLE= 1 CFL=0.132 CFLH=0.032 CFLZ=0.132 CFL_sgs=0.015
NSTEP =    5855 NCYCLE= 1 CFL=0.134 CFLH=0.032 CFLZ=0.134 CFL_sgs=0.014
 Collecting statistics...
NSTEP =    5856 NCYCLE= 1 CFL=0.136 CFLH=0.032 CFLZ=0.136 CFL_sgs=0.014
NSTEP =    5857 NCYCLE= 1 CFL=0.137 CFLH=0.032 CFLZ=0.137 CFL_sgs=0.014
 Collecting statistics...
NSTEP =    5858 NCYCLE= 1 CFL=0.139 CFLH=0.032 CFLZ=0.139 CFL_sgs=0.014
NSTEP =    5859 NCYCLE= 1 CFL=0.141 CFLH=0.031 CFLZ=0.141 CFL_sgs=0.014
 Collecting statistics...
NSTEP =    5860 NCYCLE= 1 CFL=0.142 CFLH=0.031 CFLZ=0.142 CFL_sgs=0.014
NSTEP =    5861 NCYCLE= 1 CFL=0.143 CFLH=0.031 CFLZ=0.143 CFL_sgs=0.014
 Collecting statistics...
NSTEP =    5862 NCYCLE= 1 CFL=0.144 CFLH=0.031 CFLZ=0.144 CFL_sgs=0.014
NSTEP =    5863 NCYCLE= 1 CFL=0.146 CFLH=0.031 CFLZ=0.145 CFL_sgs=0.014
 Collecting statistics...
NSTEP =    5864 NCYCLE= 1 CFL=0.148 CFLH=0.031 CFLZ=0.148 CFL_sgs=0.014
NSTEP =    5865 NCYCLE= 1 CFL=0.150 CFLH=0.031 CFLZ=0.150 CFL_sgs=0.014
 Collecting statistics...
NSTEP =    5866 NCYCLE= 1 CFL=0.152 CFLH=0.031 CFLZ=0.152 CFL_sgs=0.014
NSTEP =    5867 NCYCLE= 1 CFL=0.154 CFLH=0.031 CFLZ=0.154 CFL_sgs=0.014
 Collecting statistics...
NSTEP =    5868 NCYCLE= 1 CFL=0.156 CFLH=0.031 CFLZ=0.156 CFL_sgs=0.014
NSTEP =    5869 NCYCLE= 1 CFL=0.158 CFLH=0.031 CFLZ=0.158 CFL_sgs=0.014
 Collecting statistics...
NSTEP =    5870 NCYCLE= 1 CFL=0.160 CFLH=0.031 CFLZ=0.160 CFL_sgs=0.014
NSTEP =    5871 NCYCLE= 1 CFL=0.162 CFLH=0.030 CFLZ=0.162 CFL_sgs=0.014
 Collecting statistics...
NSTEP =    5872 NCYCLE= 1 CFL=0.164 CFLH=0.030 CFLZ=0.163 CFL_sgs=0.014
NSTEP =    5873 NCYCLE= 1 CFL=0.165 CFLH=0.030 CFLZ=0.165 CFL_sgs=0.014
 Collecting statistics...
NSTEP =    5874 NCYCLE= 1 CFL=0.166 CFLH=0.030 CFLZ=0.166 CFL_sgs=0.014
NSTEP =    5875 NCYCLE= 1 CFL=0.168 CFLH=0.030 CFLZ=0.168 CFL_sgs=0.014
 Collecting statistics...
NSTEP =    5876 NCYCLE= 1 CFL=0.169 CFLH=0.030 CFLZ=0.169 CFL_sgs=0.013
NSTEP =    5877 NCYCLE= 1 CFL=0.169 CFLH=0.030 CFLZ=0.169 CFL_sgs=0.013
 Collecting statistics...
NSTEP =    5878 NCYCLE= 1 CFL=0.170 CFLH=0.030 CFLZ=0.170 CFL_sgs=0.013
NSTEP =    5879 NCYCLE= 1 CFL=0.170 CFLH=0.029 CFLZ=0.170 CFL_sgs=0.013
 Collecting statistics...
 Writting radiation restart file...
 Saved radiation restart file. nstep=        5880
 appending OUT_MOVIES/*.raw files. nstep=        5880
 Writting statistics:nstatsteps=          20
 Writting history file MPDATAxTKExCAMxM2005_4000x4000x15_240x1x32_RCE                                  
 Writing restart file ...
 Restart file was saved. nstep=        5880
 Writting 2D data. file:./OUT_2D/RCE_MPDATAxTKExCAMxM2005_4000x4000x15_240x1x32_RCE_1.2Dcom                                                     
 Appending 3D data. file:./OUT_3D/RCE_MPDATAxTKExCAMxM2005_4000x4000x15_240x1x32_RCE_1.com2D                                                     
NSTEP =    5880 NCYCLE= 1 CFL=0.170 CFLH=0.029 CFLZ=0.170 CFL_sgs=0.013
 DAY =    1.02083337    
 NSTEP=        5880
 div:   1.52562279E-07  -1.52969733E-07
 SST=   300.00000000000000     
 surface pressure=   1006.90997    
 u:  -6.32349157       7.79119635    
 v:   0.00000000       0.00000000    
 w:  -1.16759479       2.97671628    
 p:  -62.4049835       142.079041    
 t:   297.415344       331.843353    
 tabs:   240.619934       299.022766    
 qv:   3.11076496E-04   1.72378067E-02
 tke:   0.00000000       1.32472312    
 tk:   0.00000000       34.0749474    
 tkh:   0.00000000       34.0749474    
 qcl:   0.00000000       3.99025064E-03
 qci:   0.00000000       2.37908898E-05
 QTO:   3.11076496E-04   1.72378067E-02
 QR:   0.00000000       7.51975022E-05
 NR:   0.00000000       1505.28943    
 QI:   0.00000000       2.37908898E-05
 NI:   0.00000000       76329.0938    
 QS:   0.00000000       4.28267551E-04
 NS:   0.00000000       13570.3574    
 QG:   0.00000000       2.17916549E-05
 NG:   0.00000000       282.878815    
 qpl:   0.00000000       7.51975022E-05
 qpi:   0.00000000       4.39353782E-04
 qrad(K/day):  -40.8314781       11.3270655    
 shf:   2.25820351       14.9812918    
 lhf:   44.5902367       168.892242    
 uw:  -4.05745208E-02   2.34998614E-02
 vw:  -0.00000000      -0.00000000    
 sst:   300.000000       300.000000    
 precinst (mm/h):   0.00000000       0.00000000    
 total water budget:
 before (mm):         40.35296003126
 after (mm):          40.35336668971
 evaporation (mm):     0.00044096202
 precipitation (mm):   0.00003425611
 large-scale (mm):     0.00000000000
 Imbalance (mm)      -0.00000004746
  imbalance (rel error):  -1.1761346636221145E-009
 evap (mm/day):   2.5399412432452664     
 prec (mm/day):  0.19731519429478794     
 ls (mm/day):   0.0000000000000000     
 imbalance (mm/day)  -2.7337533265384215E-004
CPU TIME =       0.5523 OVER     0.17 MODEL HOURS
 radiation: perpetual sun, solin=   413.806915    
NSTEP =    5881 NCYCLE= 1 CFL=0.170 CFLH=0.029 CFLZ=0.170 CFL_sgs=0.013
 Collecting statistics...
NSTEP =    5882 NCYCLE= 1 CFL=0.170 CFLH=0.029 CFLZ=0.170 CFL_sgs=0.013
NSTEP =    5883 NCYCLE= 1 CFL=0.171 CFLH=0.029 CFLZ=0.171 CFL_sgs=0.013
 Collecting statistics...
NSTEP =    5884 NCYCLE= 1 CFL=0.173 CFLH=0.029 CFLZ=0.173 CFL_sgs=0.013
NSTEP =    5885 NCYCLE= 1 CFL=0.175 CFLH=0.029 CFLZ=0.174 CFL_sgs=0.013
 Collecting statistics...
NSTEP =    5886 NCYCLE= 1 CFL=0.176 CFLH=0.029 CFLZ=0.176 CFL_sgs=0.013
NSTEP =    5887 NCYCLE= 1 CFL=0.177 CFLH=0.028 CFLZ=0.177 CFL_sgs=0.013
 Collecting statistics...
NSTEP =    5888 NCYCLE= 1 CFL=0.178 CFLH=0.028 CFLZ=0.178 CFL_sgs=0.013
NSTEP =    5889 NCYCLE= 1 CFL=0.179 CFLH=0.028 CFLZ=0.179 CFL_sgs=0.012
 Collecting statistics...
NSTEP =    5890 NCYCLE= 1 CFL=0.179 CFLH=0.028 CFLZ=0.179 CFL_sgs=0.012
NSTEP =    5891 NCYCLE= 1 CFL=0.179 CFLH=0.028 CFLZ=0.179 CFL_sgs=0.012
 Collecting statistics...
NSTEP =    5892 NCYCLE= 1 CFL=0.179 CFLH=0.028 CFLZ=0.179 CFL_sgs=0.011
NSTEP =    5893 NCYCLE= 1 CFL=0.179 CFLH=0.027 CFLZ=0.179 CFL_sgs=0.011
 Collecting statistics...
NSTEP =    5894 NCYCLE= 1 CFL=0.178 CFLH=0.027 CFLZ=0.178 CFL_sgs=0.012
NSTEP =    5895 NCYCLE= 1 CFL=0.177 CFLH=0.027 CFLZ=0.177 CFL_sgs=0.012
 Collecting statistics...
NSTEP =    5896 NCYCLE= 1 CFL=0.176 CFLH=0.027 CFLZ=0.175 CFL_sgs=0.012
NSTEP =    5897 NCYCLE= 1 CFL=0.177 CFLH=0.027 CFLZ=0.176 CFL_sgs=0.012
 Collecting statistics...
NSTEP =    5898 NCYCLE= 1 CFL=0.177 CFLH=0.027 CFLZ=0.177 CFL_sgs=0.012
NSTEP =    5899 NCYCLE= 1 CFL=0.178 CFLH=0.027 CFLZ=0.178 CFL_sgs=0.012
 Collecting statistics...
NSTEP =    5900 NCYCLE= 1 CFL=0.178 CFLH=0.028 CFLZ=0.178 CFL_sgs=0.012
NSTEP =    5901 NCYCLE= 1 CFL=0.178 CFLH=0.029 CFLZ=0.178 CFL_sgs=0.012
 Collecting statistics...
NSTEP =    5902 NCYCLE= 1 CFL=0.178 CFLH=0.029 CFLZ=0.178 CFL_sgs=0.012
NSTEP =    5903 NCYCLE= 1 CFL=0.178 CFLH=0.030 CFLZ=0.178 CFL_sgs=0.012
 Collecting statistics...
NSTEP =    5904 NCYCLE= 1 CFL=0.177 CFLH=0.030 CFLZ=0.177 CFL_sgs=0.012
NSTEP =    5905 NCYCLE= 1 CFL=0.176 CFLH=0.030 CFLZ=0.176 CFL_sgs=0.011
 Collecting statistics...
NSTEP =    5906 NCYCLE= 1 CFL=0.175 CFLH=0.031 CFLZ=0.175 CFL_sgs=0.011
NSTEP =    5907 NCYCLE= 1 CFL=0.173 CFLH=0.031 CFLZ=0.172 CFL_sgs=0.011
 Collecting statistics...
NSTEP =    5908 NCYCLE= 1 CFL=0.170 CFLH=0.031 CFLZ=0.170 CFL_sgs=0.011
NSTEP =    5909 NCYCLE= 1 CFL=0.167 CFLH=0.031 CFLZ=0.167 CFL_sgs=0.011
 Collecting statistics...
NSTEP =    5910 NCYCLE= 1 CFL=0.167 CFLH=0.031 CFLZ=0.166 CFL_sgs=0.011
 radiation: perpetual sun, solin=   413.806915    
NSTEP =    5911 NCYCLE= 1 CFL=0.166 CFLH=0.031 CFLZ=0.165 CFL_sgs=0.011
 Collecting statistics...
NSTEP =    5912 NCYCLE= 1 CFL=0.165 CFLH=0.032 CFLZ=0.164 CFL_sgs=0.011
NSTEP =    5913 NCYCLE= 1 CFL=0.164 CFLH=0.033 CFLZ=0.163 CFL_sgs=0.011
 Collecting statistics...
NSTEP =    5914 NCYCLE= 1 CFL=0.162 CFLH=0.034 CFLZ=0.161 CFL_sgs=0.011
NSTEP =    5915 NCYCLE= 1 CFL=0.159 CFLH=0.034 CFLZ=0.159 CFL_sgs=0.011
 Collecting statistics...
NSTEP =    5916 NCYCLE= 1 CFL=0.156 CFLH=0.035 CFLZ=0.156 CFL_sgs=0.011
NSTEP =    5917 NCYCLE= 1 CFL=0.158 CFLH=0.036 CFLZ=0.158 CFL_sgs=0.011
 Collecting statistics...
NSTEP =    5918 NCYCLE= 1 CFL=0.163 CFLH=0.036 CFLZ=0.162 CFL_sgs=0.011
NSTEP =    5919 NCYCLE= 1 CFL=0.167 CFLH=0.037 CFLZ=0.167 CFL_sgs=0.011
 Collecting statistics...
 Writting radiation restart file...
 Saved radiation restart file. nstep=        5920
 Writting statistics:nstatsteps=          20
 Writting history file MPDATAxTKExCAMxM2005_4000x4000x15_240x1x32_RCE                                  
 Writing restart file ...
 Restart file was saved. nstep=        5920
 Writting 2D data. file:./OUT_2D/RCE_MPDATAxTKExCAMxM2005_4000x4000x15_240x1x32_RCE_1.2Dcom                                                     
 Appending 3D data. file:./OUT_3D/RCE_MPDATAxTKExCAMxM2005_4000x4000x15_240x1x32_RCE_1.com2D                                                     
NSTEP =    5920 NCYCLE= 1 CFL=0.172 CFLH=0.037 CFLZ=0.172 CFL_sgs=0.011
 DAY =    1.02777779    
 NSTEP=        5920
 div:   1.63330697E-07  -1.54817826E-07
 SST=   300.00000000000000     
 surface pressure=   1006.90997    
 u:  -10.0497999       6.72771454    
 v:   0.00000000       0.00000000    
 w:  -1.14788866       3.09356523    
 p:  -60.1792526       139.443039    
 t:   295.831909       331.810791    
 tabs:   240.622528       299.001343    
 qv:   3.11076496E-04   1.72122717E-02
 tke:   0.00000000       2.76446652    
 tk:   0.00000000       72.1357193    
 tkh:   0.00000000       72.1357193    
 qcl:   0.00000000       2.45892280E-03
 qci:   0.00000000       2.12237028E-05
 QTO:   3.11076496E-04   1.72122717E-02
 QR:   0.00000000       1.62359350E-03
 NR:   0.00000000       2196.27637    
 QI:   0.00000000       2.12237028E-05
 NI:   0.00000000       71840.5547    
 QS:   0.00000000       3.37091129E-04
 NS:   0.00000000       12704.2520    
 QG:   0.00000000       7.48502589E-06
 NG:   0.00000000       147.237473    
 qpl:   0.00000000       1.62359350E-03
 qpi:   0.00000000       3.41177860E-04
 qrad(K/day):  -47.7671280       10.3750000    
 shf:   2.32386470       15.6369982    
 lhf:   44.6442070       152.297729    
 uw:  -3.32061350E-02   2.50953250E-02
 vw:  -0.00000000      -0.00000000    
 sst:   300.000000       300.000000    
 precinst (mm/h):   0.00000000       0.00000000    
 total water budget:
 before (mm):         40.36615133063
 after (mm):          40.36606628539
 evaporation (mm):     0.00043941684
 precipitation (mm):   0.00052441992
 large-scale (mm):     0.00000000000
 Imbalance (mm)      -0.00000004216
  imbalance (rel error):  -1.0443934839520743E-009
 evap (mm/day):   2.5310409789526602     
 prec (mm/day):   3.0206587418288113     
 ls (mm/day):   0.0000000000000000     
 imbalance (mm/day)  -2.4283044422195033E-004
CPU TIME =       0.5763 OVER     0.17 MODEL HOURS
NSTEP =    5921 NCYCLE= 1 CFL=0.177 CFLH=0.038 CFLZ=0.177 CFL_sgs=0.011
 Collecting statistics...
NSTEP =    5922 NCYCLE= 1 CFL=0.181 CFLH=0.038 CFLZ=0.181 CFL_sgs=0.011
NSTEP =    5923 NCYCLE= 1 CFL=0.186 CFLH=0.038 CFLZ=0.185 CFL_sgs=0.011
 Collecting statistics...
NSTEP =    5924 NCYCLE= 1 CFL=0.189 CFLH=0.038 CFLZ=0.189 CFL_sgs=0.011
NSTEP =    5925 NCYCLE= 1 CFL=0.193 CFLH=0.039 CFLZ=0.193 CFL_sgs=0.011
 Collecting statistics...
NSTEP =    5926 NCYCLE= 1 CFL=0.196 CFLH=0.039 CFLZ=0.196 CFL_sgs=0.011
NSTEP =    5927 NCYCLE= 1 CFL=0.199 CFLH=0.039 CFLZ=0.199 CFL_sgs=0.011
 Collecting statistics...
NSTEP =    5928 NCYCLE= 1 CFL=0.202 CFLH=0.039 CFLZ=0.202 CFL_sgs=0.011
NSTEP =    5929 NCYCLE= 1 CFL=0.204 CFLH=0.038 CFLZ=0.204 CFL_sgs=0.012
 Collecting statistics...
NSTEP =    5930 NCYCLE= 1 CFL=0.206 CFLH=0.038 CFLZ=0.206 CFL_sgs=0.012
NSTEP =    5931 NCYCLE= 1 CFL=0.208 CFLH=0.038 CFLZ=0.207 CFL_sgs=0.012
 Collecting statistics...
NSTEP =    5932 NCYCLE= 1 CFL=0.209 CFLH=0.038 CFLZ=0.209 CFL_sgs=0.012
NSTEP =    5933 NCYCLE= 1 CFL=0.210 CFLH=0.037 CFLZ=0.210 CFL_sgs=0.012
 Collecting statistics...
NSTEP =    5934 NCYCLE= 1 CFL=0.211 CFLH=0.037 CFLZ=0.211 CFL_sgs=0.012
NSTEP =    5935 NCYCLE= 1 CFL=0.212 CFLH=0.037 CFLZ=0.211 CFL_sgs=0.012
 Collecting statistics...
NSTEP =    5936 NCYCLE= 1 CFL=0.212 CFLH=0.036 CFLZ=0.212 CFL_sgs=0.012
NSTEP =    5937 NCYCLE= 1 CFL=0.212 CFLH=0.036 CFLZ=0.212 CFL_sgs=0.012
 Collecting statistics...
NSTEP =    5938 NCYCLE= 1 CFL=0.212 CFLH=0.037 CFLZ=0.212 CFL_sgs=0.012
NSTEP =    5939 NCYCLE= 1 CFL=0.212 CFLH=0.037 CFLZ=0.212 CFL_sgs=0.012
 Collecting statistics...
 appending OUT_MOVIES/*.raw files. nstep=        5940
NSTEP =    5940 NCYCLE= 1 CFL=0.212 CFLH=0.037 CFLZ=0.212 CFL_sgs=0.012
 radiation: perpetual sun, solin=   413.806915    
NSTEP =    5941 NCYCLE= 1 CFL=0.213 CFLH=0.037 CFLZ=0.212 CFL_sgs=0.012
 Collecting statistics...
NSTEP =    5942 NCYCLE= 1 CFL=0.215 CFLH=0.037 CFLZ=0.215 CFL_sgs=0.012
NSTEP =    5943 NCYCLE= 1 CFL=0.217 CFLH=0.037 CFLZ=0.217 CFL_sgs=0.012
 Collecting statistics...
NSTEP =    5944 NCYCLE= 1 CFL=0.219 CFLH=0.036 CFLZ=0.219 CFL_sgs=0.013
NSTEP =    5945 NCYCLE= 1 CFL=0.220 CFLH=0.036 CFLZ=0.220 CFL_sgs=0.013
 Collecting statistics...
NSTEP =    5946 NCYCLE= 1 CFL=0.221 CFLH=0.036 CFLZ=0.221 CFL_sgs=0.013
NSTEP =    5947 NCYCLE= 1 CFL=0.222 CFLH=0.036 CFLZ=0.221 CFL_sgs=0.013
 Collecting statistics...
NSTEP =    5948 NCYCLE= 1 CFL=0.222 CFLH=0.036 CFLZ=0.222 CFL_sgs=0.013
NSTEP =    5949 NCYCLE= 1 CFL=0.222 CFLH=0.036 CFLZ=0.222 CFL_sgs=0.013
 Collecting statistics...
NSTEP =    5950 NCYCLE= 1 CFL=0.221 CFLH=0.035 CFLZ=0.221 CFL_sgs=0.013
NSTEP =    5951 NCYCLE= 1 CFL=0.220 CFLH=0.035 CFLZ=0.220 CFL_sgs=0.013
 Collecting statistics...
NSTEP =    5952 NCYCLE= 1 CFL=0.219 CFLH=0.035 CFLZ=0.219 CFL_sgs=0.013
NSTEP =    5953 NCYCLE= 1 CFL=0.218 CFLH=0.035 CFLZ=0.218 CFL_sgs=0.013
 Collecting statistics...
NSTEP =    5954 NCYCLE= 1 CFL=0.216 CFLH=0.034 CFLZ=0.216 CFL_sgs=0.013
NSTEP =    5955 NCYCLE= 1 CFL=0.215 CFLH=0.034 CFLZ=0.214 CFL_sgs=0.013
 Collecting statistics...
NSTEP =    5956 NCYCLE= 1 CFL=0.213 CFLH=0.034 CFLZ=0.212 CFL_sgs=0.013
NSTEP =    5957 NCYCLE= 1 CFL=0.211 CFLH=0.035 CFLZ=0.210 CFL_sgs=0.013
 Collecting statistics...
NSTEP =    5958 NCYCLE= 1 CFL=0.208 CFLH=0.035 CFLZ=0.208 CFL_sgs=0.013
NSTEP =    5959 NCYCLE= 1 CFL=0.206 CFLH=0.035 CFLZ=0.205 CFL_sgs=0.013
 Collecting statistics...
 Writting radiation restart file...
 Saved radiation restart file. nstep=        5960
 Writting statistics:nstatsteps=          20
 Writting history file MPDATAxTKExCAMxM2005_4000x4000x15_240x1x32_RCE                                  
 Writing restart file ...
 Restart file was saved. nstep=        5960
 Writting 2D data. file:./OUT_2D/RCE_MPDATAxTKExCAMxM2005_4000x4000x15_240x1x32_RCE_1.2Dcom                                                     
 Appending 3D data. file:./OUT_3D/RCE_MPDATAxTKExCAMxM2005_4000x4000x15_240x1x32_RCE_1.com2D                                                     
NSTEP =    5960 NCYCLE= 1 CFL=0.203 CFLH=0.035 CFLZ=0.202 CFL_sgs=0.013
 DAY =    1.03472221    
 NSTEP=        5960
 div:   1.99885108E-07  -1.43358193E-07
 SST=   300.00000000000000     
 surface pressure=   1006.90997    
 u:  -8.52802753       9.24449253    
 v:   0.00000000       0.00000000    
 w:  -2.41881871       2.83382559    
 p:  -58.8409119       135.868042    
 t:   296.891876       331.784393    
 tabs:   240.623474       298.977997    
 qv:   3.11076496E-04   1.72018986E-02
 tke:   0.00000000       1.08727634    
 tk:   0.00000000       22.4801407    
 tkh:   0.00000000       22.4801407    
 qcl:   0.00000000       2.66509876E-03
 qci:   0.00000000       1.86241505E-05
 QTO:   3.11076496E-04   1.72018986E-02
 QR:   0.00000000       2.91317177E-04
 NR:   0.00000000       819.527039    
 QI:   0.00000000       1.86241505E-05
 NI:   0.00000000       68930.3906    
 QS:   0.00000000       2.89768330E-04
 NS:   0.00000000       11634.0947    
 QG:   0.00000000       1.83612406E-06
 NG:   0.00000000       65.0143127    
 qpl:   0.00000000       2.91317177E-04
 qpi:   0.00000000       2.89828313E-04
 qrad(K/day):  -46.7232208       10.5819120    
 shf:   2.39558673       14.2224932    
 lhf:   44.6058311       182.677811    
 uw:  -4.22055647E-02   2.62353085E-02
 vw:  -0.00000000      -0.00000000    
 sst:   300.000000       300.000000    
 precinst (mm/h):   0.00000000       0.00000000    
 total water budget:
 before (mm):         40.36361146352
 after (mm):          40.36386590021
 evaporation (mm):     0.00044004259
 precipitation (mm):   0.00018558705
 large-scale (mm):     0.00000000000
 Imbalance (mm)      -0.00000001885
  imbalance (rel error):  -4.6707126697983805E-010
 evap (mm/day):   2.5346453341771848     
 prec (mm/day):   1.0689814285697139     
 ls (mm/day):   0.0000000000000000     
 imbalance (mm/day)  -1.0859216399703928E-004
CPU TIME =       0.5542 OVER     0.17 MODEL HOURS
NSTEP =    5961 NCYCLE= 1 CFL=0.199 CFLH=0.035 CFLZ=0.199 CFL_sgs=0.013
 Collecting statistics...
NSTEP =    5962 NCYCLE= 1 CFL=0.196 CFLH=0.035 CFLZ=0.196 CFL_sgs=0.012
NSTEP =    5963 NCYCLE= 1 CFL=0.192 CFLH=0.035 CFLZ=0.192 CFL_sgs=0.012
 Collecting statistics...
NSTEP =    5964 NCYCLE= 1 CFL=0.188 CFLH=0.035 CFLZ=0.188 CFL_sgs=0.012
NSTEP =    5965 NCYCLE= 1 CFL=0.184 CFLH=0.034 CFLZ=0.184 CFL_sgs=0.012
 Collecting statistics...
NSTEP =    5966 NCYCLE= 1 CFL=0.180 CFLH=0.034 CFLZ=0.179 CFL_sgs=0.012
NSTEP =    5967 NCYCLE= 1 CFL=0.175 CFLH=0.034 CFLZ=0.175 CFL_sgs=0.011
 Collecting statistics...
NSTEP =    5968 NCYCLE= 1 CFL=0.170 CFLH=0.034 CFLZ=0.170 CFL_sgs=0.011
NSTEP =    5969 NCYCLE= 1 CFL=0.165 CFLH=0.034 CFLZ=0.164 CFL_sgs=0.011
 Collecting statistics...
NSTEP =    5970 NCYCLE= 1 CFL=0.161 CFLH=0.034 CFLZ=0.160 CFL_sgs=0.011
 radiation: perpetual sun, solin=   413.806915    
NSTEP =    5971 NCYCLE= 1 CFL=0.160 CFLH=0.034 CFLZ=0.160 CFL_sgs=0.011
 Collecting statistics...
NSTEP =    5972 NCYCLE= 1 CFL=0.160 CFLH=0.033 CFLZ=0.159 CFL_sgs=0.011
NSTEP =    5973 NCYCLE= 1 CFL=0.159 CFLH=0.033 CFLZ=0.159 CFL_sgs=0.011
 Collecting statistics...
NSTEP =    5974 NCYCLE= 1 CFL=0.158 CFLH=0.033 CFLZ=0.158 CFL_sgs=0.011
NSTEP =    5975 NCYCLE= 1 CFL=0.157 CFLH=0.033 CFLZ=0.157 CFL_sgs=0.011
 Collecting statistics...
NSTEP =    5976 NCYCLE= 1 CFL=0.156 CFLH=0.033 CFLZ=0.155 CFL_sgs=0.010
NSTEP =    5977 NCYCLE= 1 CFL=0.154 CFLH=0.032 CFLZ=0.154 CFL_sgs=0.010
 Collecting statistics...
NSTEP =    5978 NCYCLE= 1 CFL=0.152 CFLH=0.032 CFLZ=0.152 CFL_sgs=0.010
NSTEP =    5979 NCYCLE= 1 CFL=0.150 CFLH=0.032 CFLZ=0.150 CFL_sgs=0.010
 Collecting statistics...
NSTEP =    5980 NCYCLE= 1 CFL=0.149 CFLH=0.032 CFLZ=0.148 CFL_sgs=0.010
NSTEP =    5981 NCYCLE= 1 CFL=0.147 CFLH=0.031 CFLZ=0.146 CFL_sgs=0.010
 Collecting statistics...
NSTEP =    5982 NCYCLE= 1 CFL=0.144 CFLH=0.031 CFLZ=0.144 CFL_sgs=0.010
NSTEP =    5983 NCYCLE= 1 CFL=0.142 CFLH=0.031 CFLZ=0.142 CFL_sgs=0.010
 Collecting statistics...
NSTEP =    5984 NCYCLE= 1 CFL=0.140 CFLH=0.031 CFLZ=0.140 CFL_sgs=0.010
NSTEP =    5985 NCYCLE= 1 CFL=0.137 CFLH=0.031 CFLZ=0.137 CFL_sgs=0.010
 Collecting statistics...
NSTEP =    5986 NCYCLE= 1 CFL=0.136 CFLH=0.031 CFLZ=0.135 CFL_sgs=0.010
NSTEP =    5987 NCYCLE= 1 CFL=0.135 CFLH=0.031 CFLZ=0.133 CFL_sgs=0.010
 Collecting statistics...
NSTEP =    5988 NCYCLE= 1 CFL=0.133 CFLH=0.032 CFLZ=0.132 CFL_sgs=0.010
NSTEP =    5989 NCYCLE= 1 CFL=0.131 CFLH=0.032 CFLZ=0.130 CFL_sgs=0.010
 Collecting statistics...
NSTEP =    5990 NCYCLE= 1 CFL=0.130 CFLH=0.032 CFLZ=0.129 CFL_sgs=0.010
NSTEP =    5991 NCYCLE= 1 CFL=0.128 CFLH=0.032 CFLZ=0.127 CFL_sgs=0.010
 Collecting statistics...
NSTEP =    5992 NCYCLE= 1 CFL=0.126 CFLH=0.033 CFLZ=0.125 CFL_sgs=0.010
NSTEP =    5993 NCYCLE= 1 CFL=0.123 CFLH=0.033 CFLZ=0.123 CFL_sgs=0.010
 Collecting statistics...
NSTEP =    5994 NCYCLE= 1 CFL=0.121 CFLH=0.034 CFLZ=0.120 CFL_sgs=0.010
NSTEP =    5995 NCYCLE= 1 CFL=0.132 CFLH=0.034 CFLZ=0.131 CFL_sgs=0.013
 Collecting statistics...
NSTEP =    5996 NCYCLE= 1 CFL=0.142 CFLH=0.034 CFLZ=0.142 CFL_sgs=0.013
NSTEP =    5997 NCYCLE= 1 CFL=0.153 CFLH=0.035 CFLZ=0.153 CFL_sgs=0.013
 Collecting statistics...
NSTEP =    5998 NCYCLE= 1 CFL=0.163 CFLH=0.035 CFLZ=0.163 CFL_sgs=0.090
NSTEP =    5999 NCYCLE= 1 CFL=0.173 CFLH=0.036 CFLZ=0.173 CFL_sgs=0.013
 Collecting statistics...
 Writting radiation restart file...
 Saved radiation restart file. nstep=        6000
 appending OUT_MOVIES/*.raw files. nstep=        6000
 Writting statistics:nstatsteps=          20
 Writting history file MPDATAxTKExCAMxM2005_4000x4000x15_240x1x32_RCE                                  
 Writing restart file ...
 Restart file was saved. nstep=        6000
 Writting 2D data. file:./OUT_2D/RCE_MPDATAxTKExCAMxM2005_4000x4000x15_240x1x32_RCE_1.2Dcom                                                     
 Appending 3D data. file:./OUT_3D/RCE_MPDATAxTKExCAMxM2005_4000x4000x15_240x1x32_RCE_1.com2D                                                     
NSTEP =    6000 NCYCLE= 1 CFL=0.182 CFLH=0.036 CFLZ=0.182 CFL_sgs=0.090
 DAY =    1.04166663    
 NSTEP=        6000
 div:   1.49397238E-07  -1.81738869E-07
 SST=   300.00000000000000     
 surface pressure=   1006.90997    
 u:  -8.40706539       9.70104980    
 v:   0.00000000       0.00000000    
 w:  -1.51181960       2.09548903    
 p:  -75.1479263       133.586685    
 t:   297.408752       331.749451    
 tabs:   240.624664       298.941345    
 qv:   3.11076496E-04   1.72260497E-02
 tke:   0.00000000       2.49314809    
 tk:   0.00000000       44.4934807    
 tkh:   0.00000000       44.4934807    
 qcl:   0.00000000       4.28972254E-03
 qci:   0.00000000       1.65988877E-05
 QTO:   3.11076496E-04   1.72260497E-02
 QR:   0.00000000       6.05909772E-05
 NR:   0.00000000       988.362305    
 QI:   0.00000000       1.65988877E-05
 NI:   0.00000000       63910.6758    
 QS:   0.00000000       3.13012773E-04
 NS:   0.00000000       10587.6162    
 QG:   0.00000000       9.56784675E-07
 NG:   0.00000000       29.9707394    
 qpl:   0.00000000       6.05909772E-05
 qpi:   0.00000000       3.13051220E-04
 qrad(K/day):  -44.1194496       13.1103420    
 shf:   2.50688100       12.0509129    
 lhf:   44.3145180       176.485184    
 uw:  -4.41878587E-02   2.69513112E-02
 vw:  -0.00000000      -0.00000000    
 sst:   300.000000       300.000000    
 precinst (mm/h):   0.00000000       0.00000000    
 total water budget:
 before (mm):         40.37765764412
 after (mm):          40.37804364217
 evaporation (mm):     0.00043720496
 precipitation (mm):   0.00005121602
 large-scale (mm):     0.00000000000
 Imbalance (mm)       0.00000000912
  imbalance (rel error):   2.2575008290280535E-010
 evap (mm/day):   2.5183005636208695     
 prec (mm/day):  0.29500429527047345     
 ls (mm/day):   0.0000000000000000     
 imbalance (mm/day)   5.2504394943628241E-005
 Finished with SAM, exiting...
 program is finished...
