 number of MPI tasks:           1
           **************************************************
           **************************************************
           *                                                *
           *      *****          **       ***          **   *
           *    ***   ***       ****      ****       ****   *
           *   ***     ***     *** ***    *****     *****   *
           *    ***           ***   ***   *** **   ** ***   *
           *       ***       ***     ***  ***  ** **  ***   *
           *          ***    ***     ***  ***   ***   ***   *
           *   ***     ***   ***********  ***         ***   *
           *    ***   ***    ***     ***  ***         ***   *
           *      *****      ***     ***  ***         ***   *
           *                                                *
           **************************************************
           **************************************************
           ***       System for Atmospheric Modeling      ***
           ***                    SAM                     ***
                     Version 6.11.1  (Mar 2017)  
           **************************************************
           ***     (C) Marat Khairoutdinov                ***
           *** School of Marine and Atmospheric Sciences  ***
           ***       Stony Brook University               ***
           **************************************************
           ***       The model can be used only with      ***
           ***         permission from the author!        ***
           ***       No transfer to any third party       ***
           ***                is allowed!                 ***
           **************************************************
           **************************************************
           ***       DATE 06/22/18 TIME 11:51:53          ***
           **************************************************

 ****************************************************
 ****** No MICRO_M2005 namelist in prm file *********
 ****************************************************
 Reading restart file ...
 Case:MPDATAxTKExCAMxM2005_4000x4000x15_240x1x32_RCE                                  
 Restarting at step:        5760
 Time(s):   86400.0000    
 Smagorinsky SGS Closure
 Initializeing forcing data...
 sounding data: nsnd=           3   nzsnd=          64
 Observed sounding interval (days):   0.00000000       2000.00000    

 Case: RCE
 Caseid: MPDATAxTKExCAMxM2005_4000x4000x15_240x1x32_RCE
 Restart. nrestart=           1
 Day:   1.00000000    
 Model type: CEM
 Finish at timestep:         240
 Finish on day:   4.16666865E-02

 Statistics file ouput frequency:           40  steps
 Statistics file sampling: every           20  steps
 printouts frequency:          40  steps
 Error: job will finish before statistics is done
 Aborting the program...
