 number of MPI tasks:           1
           **************************************************
           **************************************************
           *                                                *
           *      *****          **       ***          **   *
           *    ***   ***       ****      ****       ****   *
           *   ***     ***     *** ***    *****     *****   *
           *    ***           ***   ***   *** **   ** ***   *
           *       ***       ***     ***  ***  ** **  ***   *
           *          ***    ***     ***  ***   ***   ***   *
           *   ***     ***   ***********  ***         ***   *
           *    ***   ***    ***     ***  ***         ***   *
           *      *****      ***     ***  ***         ***   *
           *                                                *
           **************************************************
           **************************************************
           ***       System for Atmospheric Modeling      ***
           ***                    SAM                     ***
                     Version 6.11.1  (Mar 2017)  
           **************************************************
           ***     (C) Marat Khairoutdinov                ***
           *** School of Marine and Atmospheric Sciences  ***
           ***       Stony Brook University               ***
           **************************************************
           ***       The model can be used only with      ***
           ***         permission from the author!        ***
           ***       No transfer to any third party       ***
           ***                is allowed!                 ***
           **************************************************
           **************************************************
           ***       DATE 06/22/18 TIME 12:07:00          ***
           **************************************************

 ****************************************************
 ****** No MICRO_M2005 namelist in prm file *********
 ****************************************************
 Reading restart file ...
 Case:MPDATAxTKExCAMxM2005_4000x4000x15_240x1x32_RCE                                  
 Restarting at step:        5760
 Time(s):   86400.0000    
 Smagorinsky SGS Closure
 Initializeing forcing data...
 sounding data: nsnd=           3   nzsnd=          64
 Observed sounding interval (days):   0.00000000       2000.00000    

 Case: RCE
 Caseid: MPDATAxTKExCAMxM2005_4000x4000x15_240x1x32_RCE
 Restart. nrestart=           1
 Day:   1.00000000    
 Model type: CEM
 Finish at timestep:        6000
 Finish on day:   1.04166663    

 Statistics file ouput frequency:           40  steps
 Statistics file sampling: every           20  steps
 printouts frequency:          40  steps
 Adams-Bashforth scheme order:           3

 Global Grid:         240           1          32
 Local Grid:         240           1          32
 Grid spacing (m) dx, dy, dz:   4000.00000       4000.00000       50.0000000    
 Domain dimensions (m):   960000.000       4000.00000       8581.86816    
 dowallx= F
 dowally= F

 Timestep (sec):   15.0000000    
 domain translation velocities ug, vg:   0.00000000       0.00000000    

 do column model F
 do convective parameterization F
 do spange damping at the domain top:  T
 maintain grad. of scalars at the top: F
 clouds are allowed: T
 precipitation is allowed: T
 smoke cloud F
 SGS scheme is on: T
 larger-scale subsidence is on: F
 larger-scale tendency is on: F
 coriolis force is allowed: F
 vertical coriolis force is allowed: F
 longwave radiation: T
 shortwave radiation: T
 do seasonal solar cycle: F
 do perpetual sun: T
 compute effective radius for liquid: T
 compute effective radius for ice: T
 doradsimple =  F
 doradhomo = F
 dosolarconstant =  F
 solar_constant =    685.000000    
 zenith_angle =    51.7000008    
 doradlon =  F
 doradlat =  F
 Latitude0:   0.00000000    
 Longitude0:   0.00000000    
 rundatadir = ./RUNDATA
 factor to change present CO2 concentration: nxco2=   1.00000000    
 surface flux parameterization is on: T
 Surface type: OCEAN
  sensible heat flux prescribed: F
  latent heat flux prescribed: F
  surface stress prescribed: F
 dosfchomo =  F
 doisccp =  F
 domodis =  F
 domisr =  F
 dosimfilesout= F
 dodynamicocean = F
 SLM= F
 doseawater= F
 salt_factor (satur. correction for salty water)=   1.00000000    
 dotracers = F
 output_sep = F
 perturb_type =            0
 doSAMconditionals = F
 dosatupdnconditionals = F
 doscamiopdata = F
 iopfile:
 dozero_out_day0 = F
 nsave2D =           40
 nsave2Dstart =            0
 nsave2Dend =    999999999
 save2Dbin =  F
 nsave3D =           40
 nsave3Dstart =            0
 nsave3Dend =    999999999
 save3Dbin =  F
 qnsave3D =    0.00000000    
 docolumn =  F
 doensemble =  F
 nensemble =            0
 nstatmom =            1
 nstatmomstart =    999999999
 nstatmomend =    999999999
 savemombin =  F
 nmovie =           60
 nmoviestart =            0
 nmovieend =        25920
 Added          109  arrays to statistics for M2005 microphysics
 Number of statistics profiles:         332
 Statistics profiles to save:
PRES       U          V          UOBS       VOBS       WOBS       RHO        MSE     
DSE        SSE        THETAE     THETA      THETAV     THETAL     TABS       TABSOBS 
TL         QT         QV         QVOBS      TTEND      QTEND      QCL        QCI     
QPL        QPI        QN         QP         QNFR       FRACT      QSAT       QCOND   
PRECIP     RELH       TLFLUX     TLFLUXS    TVFLUX     QCFLUX     QIFLUX     SW      
SWSB       UW         UWSB       VW         VWSB       RADLWUP    RADLWDN    RADSWUP 
RADSWDN    RADQRLW    RADQRSW    RADQR      RADQRS     RADQRC     Q1C        Q1CC    
Q1CS       Q1LS       Q2         Q2C        Q2S        Q2LS       U2         V2      
W2         TL2        TQ         QT2        QC2        QI2        QS2        S2      
W3         AUP        WSKEW      TKE        TKES       TK         TKH        HLADV   
HLDIFF     HLLAT      HLRAD      QTADV      QTDIFF     QTSINK     QTSRC      QPADV   
QPDIFF     QPFALL     QPSRC      QPEVP      SHEAR      SHEARS     BUOYA      BUOYAS  
ADVTR      PRESSTR    ADVTRS     DIFTR      DISSIP     DISSIPS    WUADV      WVADV   
WUPRES     WVPRES     WUANIZ     WVANIZ     WUSHEAR    WVSHEAR    WUBUOY     WVBUOY  
WUDIFF     WVDIFF     W2ADV      W2PRES     W2REDIS    W2BUOY     W2DIFF     TWGRAD  
TWADV      TWDIFF     TWBUOY     TWPRES     TWPREC     QWGRAD     QWADV      QWDIFF  
QWBUOY     QWPRES     QWPREC     T2ADVTR    T2GRAD     T2DISSIP   T2DIFTR    T2PREC  
Q2ADVTR    Q2GRAD     Q2DISSIP   Q2DIFTR    Q2PREC     HYDRO      MCUP       MCDNS   
MCDNU      MC         CORE       CORECL     COREDN     COREDNCL   MCRUP      MCRDNS  
MCRDNU     MCR        QVTEND     QHTEND     QNUDGE     THTEND     TVTEND     TNUDGE  
WSTAR3     UADV       VADV       UDIFF      VDIFF      UNUDGE     VNUDGE     ULSADVV 
VLSADVV    USTOR      VSTOR      UTENDCOR   URESID     VTENDCOR   VRESID     HLSTOR  
QTSTOR     RADQRCLW   RADQRCSW   CLD        WCLD       UCLD       VCLD       MSECLD  
DSECLD     TLCLD      TACLD      TVCLD      TVCLDA     QTCLD      QNCLD      QPCLD   
SCLD       WCLDA      TLWCLD     TVWCLD     SWCLD      QTWCLD     QCWCLD     QIWCLD  
HFCLD      HFCLDA     UCLDA      VCLDA      UPGFCLD    VPGFCLD    WPGFCLD    UWCLD   
VWCLD      UWSBCLD    VWSBCLD    MFCLD      MFHCLD     MFHCLDA    MFTLCLD    MFTLCLDA
MFTVCLD    MFTVCLDA   MFQTCLD    MFQTCLDA   RUWCLD     RVWCLD     RWWCLD     QTFLUX  
QTO        QTO2       QTOADV     QTODIFF    QTOLSADV   QTOMPHY    QTOSED     QTOFLXR 
QTOFLXS    QTOSDFLX   QR         QRADV      QRDIFF     QRLSADV    QRMPHY     QRSED   
QRFLXR     QRFLXS     QRSDFLX    QRFRAC     TAUQR      QROEFFR    NR         NRADV   
NRDIFF     NRLSADV    NRMPHY     NRSED      NRFLXR     NRFLXS     NRSDFLX    QI      
QIADV      QIDIFF     QILSADV    QIMPHY     QISED      QIFLXR     QIFLXS     QISDFLX 
QIFRAC     TAUQI      QIOEFFR    NI         NIADV      NIDIFF     NILSADV    NIMPHY  
NISED      NIFLXR     NIFLXS     NISDFLX    QS         QSADV      QSDIFF     QSLSADV 
QSMPHY     QSSED      QSFLXR     QSFLXS     QSSDFLX    QSFRAC     TAUQS      QSOEFFR 
NS         NSADV      NSDIFF     NSLSADV    NSMPHY     NSSED      NSFLXR     NSFLXS  
NSSDFLX    QG         QGADV      QGDIFF     QGLSADV    QGMPHY     QGSED      QGFLXR  
QGFLXS     QGSDFLX    QGFRAC     TAUQG      QGOEFFR    NG         NGADV      NGDIFF  
NGLSADV    NGMPHY     NGSED      NGFLXR     NGFLXS     NGSDFLX    QC         TAUQC   
QCOEFFR    QVCLD      QCCLD      QTOCLD     QRCLD      NRCLD      QICLD      NICLD   
QSCLD      NSCLD      QGCLD      NGCLD   
